[1] "plant"
[1] "3"
[1] "n=1200"
[1] 1200    2
[1] 1200    5
[1] 1200  162
[1] "MCMC is done"
Cross-validation, fold 1 out of 2
Cross-validation, fold 2 out of 2
[1] 1200  162  100
$RMSE
  [1] 0.3751937 0.6251458 0.2882402 0.5344230 0.5883738 0.4943483 0.3930351
  [8] 0.3174791 0.4507183 0.4999903 0.3410973 0.3215107 0.4829730 0.4952113
 [15] 0.3443228 0.3968346 0.3608989 0.6040304 0.3934740 0.3412322 0.3396743
 [22] 0.5231888 0.4156594 0.4800225 0.3598911 0.4742861 0.5458854 0.5014893
 [29] 0.3222805 0.6424593 0.5812667 0.4468139 0.3854913 0.4967768 0.5519108
 [36] 0.5466414 0.7168872 0.3368320 0.5134238 0.6227284 0.5352683 0.6623658
 [43] 0.5546282 0.4390540 0.3743929 0.5403859 0.3496282 0.6067481 0.4894351
 [50] 0.5398859 0.3839067 0.4338345 0.4816861 0.4509654 0.3814930 0.5906483
 [57] 0.3873522 0.6117100 0.5511055 0.5126109 0.3637130 0.4555839 0.5398564
 [64] 0.5305359 0.4366522 0.3181343 0.3697147 0.3676728 0.5028253 0.3655121
 [71] 0.4389311 0.3285891 0.5108532 0.3864517 0.5670082 0.5070868 0.3642220
 [78] 0.4543008 0.4021935 0.4831348 0.3326317 0.5373996 0.5975627 0.4624657
 [85] 0.4028026 0.3828240 0.3708985 0.4595316 0.4537865 0.5526053 0.4835592
 [92] 0.4478516 0.4056441 0.3739947 0.3567787 0.4328074 0.5205233 0.5553906
 [99] 0.4591425 0.2775752 0.3206713 0.5436556 0.3290675 0.3264500 0.3458346
[106] 0.5427786 0.5116865 0.4730123 0.5750444 0.3991644 0.3955392 0.5006379
[113] 0.3954921 0.3638584 0.4698477 0.5084406 0.3686156 0.5260610 0.5091679
[120] 0.3848575 0.5421767 0.4348806 0.4777798 0.4733738 0.4514782 0.3313548
[127] 0.4070782 0.4293491 0.4869128 0.4170045 0.4104093 0.3714126 0.5110759
[134] 0.3386055 0.3293448 0.6313977 0.4083111 0.3654362 0.3410181 0.6633728
[141] 0.5334614 0.5660544 0.3991632 0.4908770 0.3549654 0.3969114 0.3905724
[148] 0.4556710 0.5320632 0.5309181 0.5027665 0.5325893 0.3237838 0.3978043
[155] 0.4517427 0.3890838 0.5378850 0.5886864 0.3857086 0.5447651 0.4085514
[162] 0.3668665

$AUC
  [1] 0.7517030 0.4060786 0.9405069 0.4661527 0.4763234 0.3886894 0.6548773
  [8] 0.8852890 0.7851500 0.3455192 0.9428426 0.9621652 0.7204392 0.4400773
 [15] 0.9499578 0.9326216 0.9476771 0.3930840 0.8842017 0.9281013 0.9501724
 [22] 0.3127111 0.6039931 0.7221381 0.8764872 0.6758473 0.5185545 0.3397868
 [29] 0.9214171 0.4594727 0.1895929 0.6500674 0.4640299 0.6108809 0.3966857
 [36] 0.5088783 0.3500442 0.8405428 0.2245585 0.2852089 0.6145730 0.2694762
 [43] 0.4129729 0.8325438 0.5936129 0.3952662 0.8878880 0.4490204 0.3894233
 [50] 0.5008276 0.7352867 0.7873441 0.5494693 0.5375592 0.6042436 0.6136599
 [57] 0.9314803 0.4893565 0.2971292 0.6158603 0.8500188 0.7657828 0.4536642
 [64] 0.4994673 0.6382799 0.7867800 0.6835897 0.9449499 0.6513912 0.8186017
 [71] 0.6511644 0.9109605 0.3326071 0.6909210 0.4530668 0.6537815 0.9571642
 [78] 0.6166864 0.5429297 0.2183404 0.6159492 0.4265839 0.4100149 0.6770175
 [85] 0.6922331 0.8065422 0.9386948 0.6517634 0.4626331 0.3565086 0.7974101
 [92] 0.4108403 0.8044197 0.9222345 0.9559142 0.5380007 0.3224819 0.5308965
 [99] 0.6672980 0.7134340 0.9455977 0.3924453 0.9495489 0.9245266 0.9255760
[106] 0.5132576 0.4445735 0.3918825 0.4719016 0.5961816 0.5353782 0.6023243
[113] 0.7145868 0.9324000 0.6728780 0.3831333 0.7209113 0.4555920 0.4314043
[120] 0.8923234 0.3979662 0.4583503 0.3653727 0.4842166 0.3599510 0.9717725
[127] 0.5235527 0.5060038 0.3928329 0.7153950 0.7861251 0.5087573 0.3880266
[134] 0.9229571 0.9385411 0.4038462 0.7295665 0.9405433 0.9159617 0.2944267
[141] 0.3209175 0.2711451 0.6933299 0.7323909 0.9173504 0.6800570 0.8170349
[148] 0.6027997 0.4112168 0.5100207 0.2723529 0.5086823 0.9504549 0.9118967
[155] 0.4494098 0.5364640 0.4295953 0.2276710 0.8841176 0.5464498 0.7638521
[162] 0.8789787

$TjurR2
  [1]  0.294923207 -0.101134212  0.534288456 -0.037988517 -0.028649792
  [6] -0.143466553  0.145113335  0.418071267  0.365363383 -0.192243799
 [11]  0.611922185  0.661025134  0.290371613 -0.104961871  0.617543842
 [16]  0.679664306  0.651448568 -0.147793506  0.503047027  0.585686405
 [21]  0.637390974 -0.229318968  0.105199434  0.301485394  0.475317996
 [26]  0.252570670 -0.001205951 -0.179793844  0.575417360 -0.043929183
 [31] -0.335918944  0.164292987 -0.100816671  0.138348239 -0.088220111
 [36] -0.032938709 -0.171207989  0.369193800 -0.289502725 -0.231137939
 [41]  0.105775673 -0.267415613 -0.149476482  0.492612430  0.146926445
 [46] -0.119387136  0.484752935 -0.098982844 -0.139307818 -0.014629922
 [51]  0.277534415  0.334411440  0.052633319  0.039312594  0.120165309
 [56]  0.106685956  0.642240199 -0.001928198 -0.255417695  0.141718902
 [61]  0.395473144  0.331323128 -0.122281970 -0.040723268  0.130642573
 [66]  0.362668740  0.158584822  0.638056481  0.142018409  0.338887591
 [71]  0.226507989  0.516921602 -0.221893038  0.208460284 -0.050538050
 [76]  0.148691742  0.650350735  0.126798035  0.024702096 -0.270929375
 [81]  0.075018808 -0.160082222 -0.108989138  0.200870805  0.152563641
 [86]  0.330213637  0.587521456  0.132960427 -0.030827054 -0.208806774
 [91]  0.428760064 -0.126690213  0.353536630  0.611013791  0.646340904
 [96]  0.037043868 -0.170382383  0.028760798  0.242213872  0.107319707
[101]  0.597134620 -0.172908674  0.614071317  0.554647620  0.568277254
[106] -0.031609220 -0.066218236 -0.102537340 -0.033396155  0.006444215
[111]  0.066116581  0.117471232  0.170873494  0.626148496  0.196638686
[116] -0.142286569  0.224804973 -0.049247531 -0.142715658  0.478621767
[121] -0.162745886 -0.114938759 -0.219596085 -0.090430694 -0.150147035
[126]  0.683232398  0.032477508 -0.007315452 -0.125294909  0.199631582
[131]  0.318245556 -0.019579710 -0.136362986  0.587684708  0.598951497
[136] -0.165788896  0.210849259  0.642169860  0.546595812 -0.245023791
[141] -0.211089850 -0.272717573  0.214462942  0.272313189  0.597750754
[146]  0.147836456  0.353689229  0.151889347 -0.129319343 -0.018539580
[151] -0.219119464 -0.008718107  0.601189184  0.584917723 -0.080666478
[156]  0.014223123 -0.130466656 -0.309136545  0.506857890  0.046465978
[161]  0.280268282  0.466548577

[1] "END"
