[1] "butterfly"
[1] "2"
[1] "n=1200"
[1] 1200    2
[1] 1200    5
[1] 1200   50
[1] "MCMC is done"
Cross-validation, fold 1 out of 2
Cross-validation, fold 2 out of 2
[1] 1200   50  100
$RMSE
 [1] 0.2611113 0.2643351 0.1717233 0.3784243 0.2381290 0.5071102 0.3101760
 [8] 0.2792874 0.4305048 0.3716817 0.4520729 0.4557944 0.3191894 0.3437642
[15] 0.4173676 0.3473502 0.3022439 0.3892692 0.3314639 0.3109301 0.2368204
[22] 0.1768214 0.4454051 0.2858749 0.3447612 0.3019520 0.1984327 0.2111201
[29] 0.2549400 0.3097266 0.1536102 0.3598948 0.3082605 0.3261366 0.2294866
[36] 0.4312237 0.3283676 0.2160598 0.2769825 0.2626994 0.3282441 0.3081756
[43] 0.2794941 0.3174347 0.2055470 0.2545679 0.2343531 0.3251172 0.2868314
[50] 0.3284059

$AUC
 [1] 0.9097185 0.9506315 0.9552047 0.8505745 0.7590380 0.5961851 0.9139336
 [8] 0.9428499 0.5107741 0.6844052 0.7328605 0.7614759 0.9376740 0.8273606
[15] 0.7086105 0.9110756 0.8564200 0.8456810 0.7784757 0.9396784 0.9101916
[22] 0.9471369 0.6794263 0.9420954 0.9036672 0.8576186 0.9560194 0.9741195
[29] 0.9058156 0.9290949 0.7606780 0.8981776 0.8508026 0.9288861 0.5915726
[36] 0.8165886 0.8950728 0.9237640 0.9461962 0.8033818 0.9339409 0.8503374
[43] 0.9397986 0.9388517 0.7961441 0.9077011 0.9738810 0.9348921 0.8853534
[50] 0.8828453

$TjurR2
 [1]  0.421653475  0.594166463  0.354930099  0.425295132  0.108986883
 [6]  0.037594231  0.457539031  0.593919083  0.011305416  0.087139907
[11]  0.157966134  0.270302856  0.627260254  0.366011837  0.171912547
[16]  0.497048766  0.275750703  0.385279553  0.151306490  0.639370853
[21]  0.455339073  0.360546715  0.097725000  0.630211679  0.535949343
[26]  0.276442778  0.368731553  0.557768299  0.359665184  0.552690352
[31]  0.046782420  0.497861154  0.313620642  0.614292341 -0.004051141
[36]  0.344300753  0.484393344  0.399338301  0.641270905  0.194037897
[41]  0.627597135  0.312475211  0.569653206  0.636595961  0.129979608
[46]  0.307083831  0.684780956  0.613769180  0.320483702  0.420879252

[1] "END"
