[1] "birds"
[1] "2"
[1] "n=1200"
[1] 1200    2
[1] 1200    5
[1] 1200  141
[1] "MCMC is done"
Cross-validation, fold 1 out of 2
Cross-validation, fold 2 out of 2
[1] 1200  141  100
$RMSE
  [1] 0.2419687 0.3958933 0.2096259 0.2795405 0.2986819 0.1415832 0.3275003
  [8] 0.2236286 0.0912280 0.3664345 0.3223901 0.3504450 0.1861096 0.1491315
 [15] 0.2695479 0.2849328 0.2921429 0.3992141 0.1887810 0.2129158 0.1377830
 [22] 0.1021708 0.1983944 0.3810548 0.4482661 0.3670762 0.2929810 0.3735759
 [29] 0.1715226 0.1377185 0.1146694 0.3388505 0.4826404 0.4457870 0.2791438
 [36] 0.4141955 0.3855520 0.2976556 0.3977442 0.3875057 0.3353071 0.1343681
 [43] 0.4426046 0.2992434 0.1455873 0.1754297 0.2590056 0.4171434 0.2491302
 [50] 0.4132768 0.4603833 0.3634330 0.3569175 0.2902086 0.4359221 0.1782951
 [57] 0.1475218 0.3039591 0.3668207 0.2908358 0.3030894 0.2208581 0.1215231
 [64] 0.3035114 0.4630329 0.1816716 0.3238328 0.1404013 0.4254284 0.1491777
 [71] 0.3019428 0.1558782 0.2574818 0.1587772 0.1473921 0.1676975 0.2116089
 [78] 0.2414756 0.3940263 0.4082596 0.4247834 0.1418105 0.3979937 0.3602763
 [85] 0.3523312 0.2100427 0.3628054 0.3453061 0.2093393 0.3905100 0.3077790
 [92] 0.4644345 0.2376471 0.2444260 0.2446327 0.3208169 0.1121229 0.1275914
 [99] 0.4856459 0.4529203 0.3655229 0.1791525 0.3415327 0.1971011 0.1421229
[106] 0.2549533 0.1044036 0.1373457 0.3211642 0.4511967 0.4407533 0.3812377
[113] 0.1292091 0.4411151 0.3104875 0.2954508 0.1247028 0.1968979 0.2719060
[120] 0.2362275 0.2778720 0.1167398 0.3469260 0.3230015 0.3062100 0.3737050
[127] 0.4278767 0.3713202 0.1755422 0.4072571 0.4395430 0.3809055 0.3265037
[134] 0.3854840 0.4535278 0.3315095 0.2814118 0.4743249 0.2832038 0.4103678
[141] 0.3171146

$AUC
  [1] 0.7940401 0.5385643 0.8346529 0.9226308 0.5544582 0.5426378 0.8148788
  [8] 0.8753629 0.7455462 0.8530936 0.8921559 0.8286680 0.8436415 0.6391418
 [15] 0.5987421 0.8631285 0.7193606 0.6582455 0.5586808 0.9441043 0.9335160
 [22] 0.8415404 0.9343837 0.8267175 0.7604011 0.8194283 0.8176744 0.8507561
 [29] 0.8885078 0.6105085 0.9448101 0.9193434 0.6090672 0.7510631 0.9267672
 [36] 0.6805288 0.6974243 0.7853464 0.8325979 0.8101393 0.9189626 0.8157078
 [43] 0.6123765 0.9236815 0.9611051 0.7229895 0.4332496 0.8172127 0.9589540
 [50] 0.8336102 0.6579480 0.8621331 0.6117519 0.5969606 0.7506933 0.9289567
 [57] 0.7114402 0.7921262 0.8668953 0.7459810 0.7940614 0.9372060 0.5961744
 [64] 0.7845969 0.7114340 0.9175154 0.8391710 0.8294989 0.7912281 0.7606295
 [71] 0.5993527 0.8722977 0.9230740 0.9009972 0.5181129 0.8181763 0.6583322
 [78] 0.6754907 0.8446155 0.7711942 0.7855422 0.6926609 0.6451191 0.7914651
 [85] 0.8309866 0.5177913 0.8313001 0.9051072 0.8149138 0.8303940 0.9301370
 [92] 0.7174151 0.8762859 0.8833996 0.9399706 0.7592012 0.9320988 0.9065254
 [99] 0.6295266 0.7453896 0.8517392 0.8926599 0.8714012 0.6043055 0.4265705
[106] 0.8975185 0.6381513 0.9563932 0.8537912 0.7477919 0.7087035 0.8716267
[113] 0.5996186 0.6980248 0.7406267 0.8761247 0.9178005 0.9409728 0.7718780
[120] 0.7044050 0.9450651 0.3753915 0.9066292 0.9313541 0.9163954 0.8646438
[127] 0.7175862 0.7597646 0.8418893 0.8217613 0.7229848 0.8656815 0.8413530
[134] 0.8563132 0.6107980 0.9253281 0.8967067 0.6763773 0.8814760 0.8163105
[141] 0.8547885

$TjurR2
  [1]  0.0999567536  0.0104641262  0.0857515042  0.3731178399  0.0110664659
  [6] -0.0008225463  0.2197979783  0.1524044954  0.0208455915  0.4071186709
 [11]  0.5138764563  0.2648985456  0.1105360736  0.0224055992  0.0333147845
 [16]  0.2472230659  0.0732977910  0.0726069039  0.0024120677  0.4560616829
 [21]  0.1628072976  0.0529584861  0.3110506633  0.2914256367  0.2244120057
 [26]  0.3426226476  0.1965859433  0.2540818570  0.1579200803  0.0208653242
 [31]  0.1971323621  0.5293926684  0.0469935227  0.1844097075  0.4838393969
 [36]  0.1073296317  0.0882922373  0.1848704491  0.3889838206  0.2247868762
 [41]  0.5034863818  0.0686874339  0.0515056761  0.5791776535  0.4153413515
 [46]  0.0606495067 -0.0086714024  0.3392373409  0.6505131412  0.4104111522
 [51]  0.0770403738  0.3163381100  0.0292368540  0.0190573731  0.1793574554
 [56]  0.3383345770  0.0314632372  0.2081302658  0.3689900087  0.0949199786
 [61]  0.1623361160  0.4598929354  0.0042776272  0.1691768389  0.1437217973
 [66]  0.2731165050  0.2393371632  0.0955207781  0.2956319459  0.0351083584
 [71]  0.0216489632  0.0678402841  0.4861623635  0.1394995633 -0.0042385405
 [76]  0.0799306587  0.0361396294  0.0477493521  0.3569635655  0.2548738032
 [81]  0.2894808689  0.0259051086  0.0792398256  0.1821789990  0.2369469390
 [86]  0.0058847675  0.2254288305  0.4749841064  0.0839196291  0.2905626989
 [91]  0.5856107466  0.2021270119  0.1505492939  0.3112652721  0.4173870113
 [96]  0.1317859399  0.1589235766  0.1058379311  0.0765992948  0.1944473730
[101]  0.2918257903  0.1041453121  0.3933361607  0.0100016153 -0.0127712559
[106]  0.1956355013 -0.0024435479  0.2484703042  0.3851266468  0.2342845957
[111]  0.1411269695  0.4247937078  0.0212156698  0.1191849365  0.0809753924
[116]  0.2753143285  0.2694111097  0.3943312360  0.1133876754  0.0617564294
[121]  0.4529194915 -0.0158889776  0.4784259663  0.5675366923  0.4632666568
[126]  0.3660644615  0.1307543213  0.1530733283  0.0987528902  0.3568526881
[131]  0.1663947446  0.3843611999  0.3118294208  0.3767758492  0.0577066495
[136]  0.5899111499  0.4273986092  0.0954664432  0.3222322661  0.3063372577
[141]  0.2288526952

[1] "END"
