[1] "vegetation"
[1] "1"
[1] "n=1200"
[1] 1200    2
[1] 1200    4
[1] 1200  242
[1] "MCMC is done"
Cross-validation, fold 1 out of 2
Cross-validation, fold 2 out of 2
[1] 1200  242  100
$RMSE
  [1] 0.28128561 0.11892470 0.17416597 0.27776601 0.19600520 0.21789512
  [7] 0.29596881 0.33585549 0.12368530 0.24624983 0.41583216 0.21597157
 [13] 0.36352451 0.26433074 0.11421778 0.18241501 0.26731321 0.11847544
 [19] 0.46691133 0.22707047 0.11616277 0.27777032 0.10477560 0.13017838
 [25] 0.15979379 0.11657908 0.33872578 0.45671532 0.12279614 0.24639264
 [31] 0.13655848 0.19428919 0.13008152 0.41632983 0.38093115 0.34917346
 [37] 0.32244475 0.38457104 0.22193524 0.13036678 0.09870121 0.17007771
 [43] 0.13386858 0.10146681 0.09706136 0.17345127 0.09907459 0.13627245
 [49] 0.40777414 0.15883578 0.13281147 0.35335156 0.12390936 0.36497241
 [55] 0.43452618 0.19633191 0.10985832 0.47166612 0.18101800 0.24247499
 [61] 0.09875389 0.44617713 0.39129982 0.15507813 0.12841226 0.23285092
 [67] 0.15248401 0.09375519 0.22682502 0.16120418 0.18185813 0.23432372
 [73] 0.37060853 0.12782657 0.47131862 0.15552462 0.17140516 0.19053380
 [79] 0.24026543 0.23254361 0.19669493 0.15239418 0.09385854 0.13560677
 [85] 0.16750956 0.16325703 0.11835825 0.16642159 0.10985745 0.46453311
 [91] 0.24638844 0.10188078 0.11893633 0.22497881 0.25993490 0.16594329
 [97] 0.21641201 0.22931343 0.30693603 0.23164942 0.37188895 0.28152363
[103] 0.23339292 0.22415717 0.19317061 0.23359345 0.18420029 0.19884018
[109] 0.37963019 0.40837248 0.43524299 0.21696790 0.25647612 0.29273274
[115] 0.17725204 0.28351142 0.11008877 0.14453723 0.16668013 0.12017267
[121] 0.09481321 0.16750811 0.33910673 0.12094950 0.23961534 0.12159943
[127] 0.40103225 0.44822645 0.43728224 0.12455317 0.34451497 0.23194022
[133] 0.28878246 0.16316530 0.09815289 0.10762341 0.15125159 0.11065133
[139] 0.10661424 0.38916357 0.27866355 0.20369354 0.25452118 0.20396433
[145] 0.50964888 0.20157989 0.16265645 0.38974970 0.38387757 0.17187897
[151] 0.37823717 0.45700410 0.23846234 0.48660376 0.17735877 0.36517589
[157] 0.19737009 0.22275431 0.28102384 0.30557463 0.18190770 0.13749740
[163] 0.30011345 0.15123112 0.11340272 0.19077220 0.14439922 0.21177778
[169] 0.17992196 0.11147063 0.14062629 0.09430124 0.14506147 0.09407546
[175] 0.15250037 0.09838523 0.38358771 0.19327008 0.38773137 0.10116736
[181] 0.46081112 0.47882931 0.29579236 0.39207244 0.48390696 0.10489119
[187] 0.32925235 0.44804008 0.48267065 0.46160806 0.10552239 0.41810274
[193] 0.40419770 0.47033437 0.25335477 0.14660665 0.29637541 0.13170597
[199] 0.46427338 0.24238072 0.42779227 0.13357890 0.42953732 0.10323140
[205] 0.46264238 0.13195845 0.30216570 0.41239128 0.41745613 0.28960321
[211] 0.10479531 0.12131888 0.09654113 0.13947645 0.35724881 0.24539697
[217] 0.45326429 0.36926658 0.39999355 0.46989591 0.42712171 0.19442706
[223] 0.29440581 0.24649046 0.45667750 0.15685246 0.17262660 0.13693819
[229] 0.12294906 0.09975510 0.19680884 0.15745795 0.17343514 0.34112011
[235] 0.42663967 0.40850470 0.23539593 0.09662076 0.19085892 0.17542285
[241] 0.15086520 0.42787450

$AUC
  [1] 0.7627214 0.7195418 0.7945466 0.7671143 0.8026609 0.7600061 0.7929900
  [8] 0.7581131 0.6820831 0.7520398 0.8187403 0.9577500 0.8043295 0.7388285
 [15] 0.9272537 0.6280819 0.7266593 0.8632589 0.6854504 0.8028866 0.8156399
 [22] 0.7414900 0.6653339 0.7995339 0.7615850 0.7177470 0.7289706 0.6662859
 [29] 0.7861440 0.7752083 0.7812934 0.9354257 0.6191007 0.8081041 0.7133781
 [36] 0.6884162 0.7556595 0.8380368 0.7945092 0.9467960 0.6607539 0.7976343
 [43] 0.7701271 0.8514310 0.8403548 0.7377704 0.7603792 0.7847512 0.7250988
 [50] 0.8782455 0.7876215 0.7677264 0.9242700 0.7448973 0.7186015 0.7445345
 [57] 0.5599767 0.6496556 0.8639902 0.8733767 0.8804012 0.7246275 0.8158542
 [64] 0.8428775 0.9008720 0.7502339 0.7170913 0.7424370 0.6940427 0.9286866
 [71] 0.7827946 0.7876722 0.7264161 0.7296014 0.6639968 0.7682499 0.7937766
 [78] 0.7397907 0.7045739 0.7944001 0.7637739 0.7212945 0.5931933 0.8112363
 [85] 0.7401839 0.8414136 0.5898438 0.7971551 0.6111075 0.7205846 0.7965630
 [92] 0.7765152 0.8628611 0.8555627 0.7401480 0.7395809 0.7880265 0.7762322
 [99] 0.7412166 0.7932321 0.8041895 0.7912823 0.7807594 0.7476351 0.8212912
[106] 0.8949049 0.6900398 0.8201387 0.8346032 0.7992699 0.7725146 0.7502778
[113] 0.7974182 0.8265462 0.7690762 0.6865579 0.7662611 0.6689021 0.9084565
[120] 0.7581920 0.6631092 0.7381445 0.6820263 0.6021083 0.5470627 0.6522798
[127] 0.6910531 0.7492631 0.7384162 0.7553582 0.7515803 0.6895656 0.6040478
[134] 0.5063330 0.6901139 0.6930205 0.7649013 0.8095037 0.7483637 0.7683331
[141] 0.6162000 0.5786618 0.7320362 0.7069485 0.4720534 0.6268744 0.7013675
[148] 0.6323459 0.7309915 0.8142270 0.7000963 0.5660346 0.7813718 0.6001852
[155] 0.7033925 0.7093236 0.6903729 0.6183032 0.7139313 0.7303976 0.8336151
[162] 0.9245512 0.7604841 0.6804964 0.5616719 0.9154439 0.7655830 0.7494589
[169] 0.7271121 0.7791496 0.8393920 0.8734454 0.7697021 0.7505042 0.7446368
[176] 0.8095420 0.7677220 0.6435248 0.7469068 0.5544766 0.7272833 0.6420829
[183] 0.6215954 0.7500159 0.6316541 0.4009540 0.7636812 0.7151838 0.5911160
[190] 0.5998392 0.7489478 0.7197136 0.5894587 0.6878015 0.6887964 0.6217872
[197] 0.7576300 0.6772458 0.7206943 0.7071198 0.7317844 0.7376711 0.7826085
[204] 0.4850589 0.6597986 0.6361017 0.6584856 0.7465084 0.6348061 0.7507521
[211] 0.5423681 0.7170608 0.5357143 0.7689072 0.6674517 0.7430134 0.7414516
[218] 0.6233358 0.7397470 0.7013464 0.7610218 0.8042716 0.7221065 0.7327309
[225] 0.7128691 0.7414245 0.6900839 0.6484025 0.6590055 0.6278767 0.7875849
[232] 0.6754701 0.5872515 0.6161148 0.7582823 0.6889490 0.5169343 0.5915126
[239] 0.7369120 0.6534591 0.4768991 0.7369526

$TjurR2
  [1]  0.081304847  0.016006669  0.055282219  0.094920665  0.059777190
  [6]  0.067406785  0.121438463  0.127198335  0.022680314  0.064858069
 [11]  0.304470768  0.426842766  0.177880962  0.057913287  0.132425333
 [16]  0.023950266  0.071982331  0.076246931  0.123593592  0.072738988
 [21]  0.077966754  0.070389437  0.012016491  0.046933299  0.051157218
 [26]  0.017636427  0.094401325  0.082930945  0.039183963  0.081728582
 [31]  0.049678390  0.277964898  0.010436670  0.287140937  0.087090571
 [36]  0.055867097  0.085671321  0.354780855  0.072993195  0.202320227
 [41]  0.018224667  0.062249240  0.032509821  0.038073963  0.060430024
 [46]  0.044774156  0.023991734  0.048315458  0.112551874  0.159384588
 [51]  0.046881413  0.119827123  0.147411069  0.105225338  0.124735797
 [56]  0.041497450 -0.008189491  0.074081941  0.126446073  0.204410802
 [61]  0.095097338  0.132546295  0.258415752  0.062187232  0.147823394
 [66]  0.059586299  0.020361563  0.019287415  0.035759483  0.238889965
 [71]  0.059620757  0.075216758  0.095908804  0.013040106  0.115135499
 [76]  0.039296840  0.045283790  0.049321212  0.043716437  0.081445552
 [81]  0.063719927  0.024704642  0.006656910  0.043693664  0.057030805
 [86]  0.062599941  0.001638718  0.056993381 -0.002530969  0.131971760
 [91]  0.098129736  0.029090356  0.064529143  0.115678350  0.061328752
 [96]  0.033946843  0.075061636  0.072162320  0.079037287  0.075581418
[101]  0.191534470  0.090975926  0.067715901  0.050710267  0.078305071
[106]  0.259206284  0.017645707  0.079173935  0.284119815  0.228208724
[111]  0.219403788  0.042039183  0.092032250  0.128468877  0.044132419
[116]  0.059718466  0.026443765  0.023849635  0.160362103  0.025669992
[121]  0.011585823  0.032158980  0.047477367  0.015188734  0.012718995
[126]  0.010310123  0.064554623  0.209967621  0.159570564  0.025730137
[131]  0.097390166  0.048432957  0.022147013  0.009468759  0.010247607
[136]  0.018363362  0.043120005  0.040876078  0.019168697  0.163644907
[141]  0.035872250  0.027361710  0.063500809  0.037863922 -0.008185196
[146]  0.021239489  0.013662390  0.038339366  0.098961808  0.075912928
[151]  0.071318633  0.015647640  0.079243674  0.036690678  0.040585946
[156]  0.092940188  0.034042008  0.026066945  0.054968610  0.072778196
[161]  0.095126771  0.151022809  0.085662527  0.021112804 -0.003057716
[166]  0.210267068  0.047235652  0.049901962  0.029905159  0.033951651
[171]  0.066132284  0.051733873  0.051381877  0.020688736  0.037900774
[176]  0.026829904  0.151388008  0.018292398  0.124406749 -0.003816764
[181]  0.132101356  0.074482653  0.030090118  0.136727413  0.046035528
[186] -0.008833726  0.106437021  0.107970757  0.037602146  0.046704608
[191]  0.026072002  0.108659372  0.022229605  0.085492059  0.048530410
[196]  0.011232003  0.092259618  0.023122137  0.136587084  0.050261320
[201]  0.140107378  0.026308291  0.263162829 -0.001385329  0.063433075
[206]  0.006467020  0.041635467  0.138488000  0.043743797  0.078227854
[211]  0.008773082  0.020164334 -0.005028901  0.031115972  0.047604931
[216]  0.057569711  0.179143171  0.041245183  0.121280911  0.100879161
[221]  0.151648845  0.095660616  0.069057411  0.060372978  0.131871014
[226]  0.026719540  0.031452013  0.011005283  0.031287223  0.008084832
[231]  0.113459258  0.024861217  0.010171034  0.032756013  0.142926227
[236]  0.082667670  0.008679133  0.003084281  0.041995485  0.023845090
[241] -0.002048015  0.122308466

[1] "END"
