[1] "butterfly"
[1] "1"
[1] "n=1200"
[1] 1200    2
[1] 1200    5
[1] 1200   50
[1] "MCMC is done"
Cross-validation, fold 1 out of 2
Cross-validation, fold 2 out of 2
[1] 1200   50  100
$RMSE
 [1] 0.2356241 0.2424429 0.1639423 0.3411655 0.1908487 0.4944370 0.3139813
 [8] 0.2701319 0.3252260 0.3622726 0.4413078 0.4342438 0.2987341 0.3076180
[15] 0.3863806 0.3482406 0.2855110 0.3793745 0.3283028 0.2985385 0.2090483
[22] 0.1636212 0.4477172 0.2496302 0.3267010 0.2853194 0.1944078 0.2059952
[29] 0.2297535 0.2924785 0.1368682 0.3551177 0.2947684 0.2937877 0.1824312
[36] 0.4037967 0.2851978 0.1854225 0.2509697 0.2580314 0.2960817 0.2947383
[43] 0.2627240 0.2967414 0.1403537 0.2488445 0.2245961 0.3059170 0.2610684
[50] 0.3052279

$AUC
 [1] 0.9306405 0.9633805 0.9628364 0.8803177 0.7667340 0.5936944 0.9115984
 [8] 0.9431555 0.5726405 0.7278835 0.7629462 0.7896936 0.9493331 0.8517821
[15] 0.7496463 0.9081584 0.8882751 0.8518559 0.7715343 0.9483781 0.9022871
[22] 0.9571540 0.6675102 0.9635569 0.9162077 0.8888223 0.9622471 0.9760107
[29] 0.9351523 0.9378287 0.8017373 0.9033475 0.8628858 0.9488492 0.6977566
[36] 0.8327989 0.9258984 0.9504734 0.9623665 0.7553132 0.9502969 0.8627227
[43] 0.9461814 0.9491455 0.8457203 0.9056329 0.9766402 0.9456430 0.9149237
[50] 0.9074441

$TjurR2
 [1] 0.33306678 0.59165644 0.34021311 0.45343954 0.08781531 0.02916960
 [7] 0.44020797 0.61478167 0.02616650 0.09856549 0.19948128 0.23292332
[13] 0.63739138 0.30031660 0.16678105 0.49750377 0.32539873 0.36179709
[19] 0.12564799 0.64023036 0.34564116 0.28786004 0.08737218 0.63034978
[25] 0.54589087 0.32569426 0.38005664 0.61085429 0.35156239 0.54813878
[31] 0.05729267 0.48953944 0.26470886 0.63252056 0.03454720 0.32856552
[37] 0.41093668 0.37550461 0.60380050 0.14886302 0.63813347 0.26366847
[43] 0.55611444 0.63988542 0.04910062 0.25422317 0.72390757 0.62264901
[49] 0.32538220 0.37642655

[1] "END"
