[1] "vegetation"
[1] "3"
[1] "n=1200"
[1] 1200    2
[1] 1200    4
[1] 1200  242
[1] "MCMC is done"
Cross-validation, fold 1 out of 2
Cross-validation, fold 2 out of 2
[1] 1200  242  100
$RMSE
  [1] 0.3993381 0.4263895 0.3614892 0.4992126 0.6167094 0.5685749 0.4862666
  [8] 0.6993094 0.4377508 0.5053519 0.6159513 0.3215550 0.5154499 0.4165849
 [15] 0.2988234 0.4535206 0.4054608 0.3242161 0.5649730 0.3760739 0.4151782
 [22] 0.4229433 0.4334102 0.4180276 0.6170599 0.4043932 0.5227908 0.5352477
 [29] 0.3713882 0.3853848 0.3051008 0.2644246 0.3561977 0.4552490 0.7583335
 [36] 0.7289315 0.6874577 0.4976113 0.3599533 0.3011883 0.3621148 0.4224500
 [43] 0.3709293 0.3146971 0.3264529 0.4546365 0.3083862 0.3901280 0.6173311
 [50] 0.3326885 0.3898633 0.5279681 0.3158106 0.5850982 0.6633557 0.3942174
 [57] 0.3475981 0.5698430 0.3983433 0.4273660 0.3119797 0.6972482 0.4661891
 [64] 0.3754280 0.3014291 0.6271070 0.4964623 0.4792388 0.5059857 0.2973531
 [71] 0.4705824 0.3668193 0.5792353 0.3159770 0.5934741 0.4444631 0.4533420
 [78] 0.4206563 0.3964336 0.4437936 0.3529183 0.3447779 0.3356394 0.3858385
 [85] 0.3819862 0.3505783 0.3932999 0.4222583 0.3628554 0.5593473 0.4047687
 [92] 0.4143393 0.3027712 0.5666290 0.4482174 0.3629409 0.4464421 0.4940408
 [99] 0.5075617 0.6407747 0.5016056 0.4111872 0.5237315 0.5466136 0.4576596
[106] 0.3460130 0.3952537 0.4048620 0.4843474 0.5080798 0.5099382 0.4145377
[113] 0.4332132 0.4743935 0.4467069 0.6541474 0.3618890 0.3646404 0.3243238
[120] 0.2877901 0.2889234 0.3156531 0.5663108 0.3858243 0.4710708 0.5032659
[127] 0.7448517 0.5023548 0.5342414 0.3703062 0.4176461 0.4216208 0.4483695
[134] 0.3097598 0.3684138 0.3385728 0.3377451 0.3189651 0.3257563 0.4513323
[141] 0.5202374 0.4041684 0.3321765 0.4087407 0.5251486 0.4174566 0.3795150
[148] 0.5890862 0.4889482 0.4591522 0.6985841 0.5428976 0.3524624 0.6506804
[155] 0.5115044 0.6628615 0.5046991 0.6125321 0.7230497 0.4814780 0.3071388
[162] 0.3023486 0.4380582 0.3408456 0.3976727 0.3263243 0.3345921 0.3634762
[169] 0.5445380 0.3176440 0.3760554 0.3860012 0.3794735 0.2994026 0.2761841
[176] 0.3244815 0.6704379 0.5909889 0.6970385 0.3868069 0.6710558 0.5474939
[183] 0.6805132 0.6801579 0.6221967 0.4104930 0.6615187 0.7197105 0.6380691
[190] 0.4837494 0.4293447 0.6854496 0.6231391 0.6414597 0.5090594 0.4428854
[197] 0.5658574 0.3807233 0.6225504 0.4500232 0.5368133 0.5459472 0.5764086
[204] 0.3509571 0.6656967 0.4726682 0.7010698 0.5914464 0.6982664 0.6359727
[211] 0.4456984 0.4937063 0.4154204 0.3694943 0.7025381 0.4310935 0.6375552
[218] 0.6995948 0.7012312 0.5864453 0.6870891 0.6344433 0.4123944 0.5086707
[225] 0.5655031 0.4257257 0.4588052 0.4464236 0.4036888 0.4448425 0.6083960
[232] 0.5059390 0.5892154 0.5729883 0.7117556 0.6166623 0.4794359 0.5396879
[239] 0.6175596 0.4611670 0.5126440 0.7007276

$AUC
  [1] 0.5469767 0.4761930 0.6282951 0.6727940 0.3469565 0.4877358 0.6825475
  [8] 0.5327344 0.5943786 0.6042694 0.6640934 0.9199543 0.6431756 0.5666421
 [15] 0.9261101 0.4659914 0.4903964 0.7084680 0.5282438 0.7050509 0.6353868
 [22] 0.5311284 0.5275673 0.6656780 0.3144531 0.4552893 0.6575928 0.5708151
 [29] 0.4935138 0.4878812 0.7471060 0.8697023 0.3877178 0.7959834 0.3972510
 [36] 0.3720449 0.3816282 0.7079704 0.5686207 0.9077775 0.7604557 0.6040761
 [43] 0.7487712 0.6709456 0.8012080 0.5211592 0.5195351 0.6455617 0.5540375
 [50] 0.8296105 0.4974147 0.5594509 0.8749142 0.6331020 0.3986554 0.4194401
 [57] 0.6159031 0.3982457 0.8264785 0.8519296 0.8159371 0.4876603 0.7696908
 [64] 0.5652991 0.8678808 0.2942154 0.4853967 0.4168908 0.6295629 0.9214426
 [71] 0.6592236 0.5851735 0.5681169 0.6183493 0.5738253 0.6069672 0.4423090
 [78] 0.4681774 0.4623500 0.6872661 0.6218957 0.4396636 0.4304202 0.6615604
 [85] 0.5900920 0.6099284 0.2929160 0.7169099 0.7178407 0.5099615 0.7305641
 [92] 0.2758838 0.8688280 0.4244752 0.6068233 0.3818909 0.5750468 0.5645530
 [99] 0.4578519 0.3088452 0.7527156 0.6464410 0.4607196 0.4321255 0.6490718
[106] 0.8574274 0.4413813 0.7356942 0.8264272 0.7727323 0.6729136 0.5736550
[113] 0.5897077 0.6889882 0.6416219 0.5099630 0.7702963 0.5278298 0.8918483
[120] 0.4788921 0.4733613 0.6725860 0.3843092 0.3242504 0.4470490 0.4934613
[127] 0.3076669 0.7065545 0.6926296 0.6880993 0.6752390 0.5321659 0.3931390
[134] 0.4681421 0.5245814 0.6257534 0.5545770 0.8176945 0.7795995 0.7428460
[141] 0.5152182 0.5445315 0.5264550 0.4981908 0.4659471 0.4545437 0.5217379
[148] 0.3777672 0.5738734 0.8007948 0.4294398 0.4824270 0.6154665 0.4106446
[155] 0.4739107 0.4976592 0.3461829 0.4227280 0.3117416 0.5065613 0.7627595
[162] 0.8808806 0.6416979 0.5415680 0.4751867 0.8803228 0.6725447 0.6457460
[169] 0.4564224 0.6009395 0.6961451 0.6542857 0.7223830 0.6000840 0.6551073
[176] 0.7266611 0.6150953 0.4467850 0.5386173 0.5475189 0.4401160 0.5205886
[183] 0.4287099 0.5921505 0.3957679 0.3379630 0.5403920 0.3627289 0.3938123
[190] 0.5305707 0.7885101 0.5084813 0.4219065 0.4812935 0.6659943 0.4729532
[197] 0.6777011 0.7153390 0.4766366 0.5814993 0.6555585 0.5793853 0.5943108
[204] 0.5404040 0.3814827 0.3952966 0.3959888 0.6063934 0.4553247 0.6274536
[211] 0.5152918 0.4982580 0.5695798 0.6570844 0.4236415 0.6149554 0.4903254
[218] 0.4149785 0.4503457 0.4995098 0.5707204 0.6711155 0.5893981 0.6402763
[225] 0.5189853 0.4178063 0.4504427 0.4011422 0.4856646 0.4660142 0.6566074
[232] 0.3758405 0.4235193 0.3939394 0.4882893 0.4202365 0.5185151 0.3149580
[239] 0.6159692 0.3486091 0.5128260 0.5092624

$TjurR2
  [1]  0.0266667226 -0.0166702851  0.1235566389  0.1585830156 -0.1256792730
  [6] -0.0131035289  0.1645931094  0.0277260149  0.0691523752  0.1007841479
 [11]  0.0721940743  0.4470366839  0.1333081227  0.0474170050  0.3727345662
 [16] -0.0212018799  0.0054562207  0.1604614327  0.0168746247  0.1429201629
 [21]  0.0969259973  0.0183170962  0.0204122680  0.1293451656 -0.1684931471
 [26] -0.0415105574  0.1524969264  0.0325548641  0.0001451460 -0.0074331055
 [31]  0.1724229176  0.2389950677 -0.0652216517  0.3126211017 -0.0520850492
 [36] -0.0879054217 -0.0811040501  0.0966819157  0.0427651524  0.3526543237
 [41]  0.2148020606  0.0969218077  0.2184928821  0.1065970453  0.2422037155
 [46]  0.0334734414  0.0200095644  0.1064163710  0.0292930795  0.3349233153
 [51] -0.0095325233  0.0369558038  0.3083659513  0.1158001263 -0.0411412847
 [56] -0.0480905433  0.0763409753 -0.0256121926  0.3084285820  0.4049743112
 [61]  0.2482290753 -0.0041149317  0.1919288885  0.0423597037  0.3020096513
 [66] -0.1535127983 -0.0079968411 -0.0759556735  0.1496351184  0.3676078397
 [71]  0.1693294821  0.0566253043  0.0570955410  0.0787447489  0.0393879106
 [76]  0.0945242977 -0.0389533171 -0.0196376488 -0.0199664432  0.1937434343
 [81]  0.0756109072 -0.0349023129 -0.0433569124  0.1303135684  0.0752061476
 [86]  0.0749113728 -0.1387417458  0.1805439141  0.1887272434  0.0053358370
 [91]  0.2059188351 -0.1554116419  0.2893482966 -0.0498488498  0.0899571049
 [96] -0.0748521510  0.0625071062  0.0494132278 -0.0330040787 -0.1415765994
[101]  0.2806780457  0.0997601683 -0.0291088802 -0.0490818870  0.1367166427
[106]  0.3760909723 -0.0395908201  0.2283001192  0.3740298636  0.2680541967
[111]  0.1091409834  0.0472073757  0.0645604574  0.1788536883  0.1555680144
[116]  0.0126659837  0.2384571780  0.0162529142  0.3720475332 -0.0110384452
[121] -0.0079586749  0.1296713870 -0.0725159101 -0.1144317207 -0.0394888786
[126] -0.0049587731 -0.1018966800  0.1138722088  0.1344860994  0.1383036237
[131]  0.1123261350  0.0232088581 -0.0596124480 -0.0167486491  0.0137906709
[136]  0.0766174623  0.0366992488  0.2767801292  0.2127940437  0.1899864021
[141]  0.0114377829  0.0372812375  0.0179549487  0.0049458266 -0.0097813883
[146] -0.0300974239  0.0200126371 -0.0614041767  0.0443401112  0.3587593435
[151] -0.0414242861 -0.0064077556  0.0684006550 -0.0404959112 -0.0203494144
[156] -0.0009406954 -0.1168998857 -0.0744078739 -0.1542995161  0.0044866608
[161]  0.2056407095  0.3276663079  0.1031923370  0.0180176049 -0.0216239646
[166]  0.3713705754  0.1168444234  0.0983344348 -0.0412293270  0.0811389908
[171]  0.1735103160  0.0870555212  0.1915647809  0.0684507255  0.0864041046
[176]  0.1569231007  0.0909390580 -0.0456533085  0.0392920548  0.0262916520
[181] -0.0060476854  0.0091798826 -0.0510005324  0.0648478635 -0.0393380695
[186] -0.1200786829  0.0357287306 -0.0565059072 -0.0478170065  0.0165454839
[191]  0.2826200673 -0.0007159059 -0.0441353046 -0.0057973609  0.1672959456
[196] -0.0220416176  0.1785656662  0.1611938342 -0.0080347260  0.0543437146
[201]  0.0867200832  0.0810890656  0.0358815869  0.0298745273 -0.0530706686
[206] -0.0829697255 -0.0911892743  0.0746405343 -0.0261425498  0.1167857347
[211]  0.0063796345 -0.0030060293  0.0431907950  0.1084583471 -0.0501725668
[216]  0.0790147761 -0.0065797574 -0.0534292791 -0.0200468948  0.0046451500
[221]  0.0576171119  0.1729847345  0.0516108686  0.1143654107  0.0155172189
[226] -0.0475157062 -0.0398740241 -0.0721675289 -0.0097536112 -0.0279826766
[231]  0.1575237591 -0.0980746504 -0.0645898252 -0.0581714979  0.0089497454
[236] -0.0346832759  0.0129384107 -0.1745663681  0.1231347001 -0.1061239272
[241]  0.0185379758  0.0217938781

[1] "END"
