[1] "plant"
[1] "1"
[1] "n=1200"
[1] 1200    2
[1] 1200    5
[1] 1200  162
[1] "MCMC is done"
Cross-validation, fold 1 out of 2
Cross-validation, fold 2 out of 2
[1] 1200  162  100
$RMSE
  [1] 0.33354194 0.23430387 0.16007549 0.12599568 0.14170020 0.21003030
  [7] 0.23097007 0.12242166 0.18646124 0.10944253 0.14234682 0.17629544
 [13] 0.11439491 0.16876090 0.11671424 0.18179517 0.12765278 0.16472801
 [19] 0.08928670 0.10681315 0.15846966 0.11705208 0.15443699 0.13383106
 [25] 0.19032282 0.10654909 0.23005388 0.10099980 0.20940905 0.16636386
 [31] 0.10835887 0.25702011 0.19208701 0.25657916 0.32066561 0.14361591
 [37] 0.22469973 0.12948136 0.09523854 0.25388758 0.09528661 0.22039413
 [43] 0.16040462 0.26357059 0.15220674 0.10865501 0.10588656 0.17293454
 [49] 0.11104233 0.21631592 0.27969771 0.13832733 0.14785414 0.28232316
 [55] 0.14897882 0.39422160 0.11742557 0.18708228 0.10696698 0.15245409
 [61] 0.11668527 0.10267247 0.14216246 0.18127008 0.11018768 0.17778831
 [67] 0.15742252 0.10022113 0.12204502 0.12714970 0.09978463 0.15523238
 [73] 0.14896480 0.29681716 0.33317406 0.09116297 0.10172967 0.31022683
 [79] 0.20221933 0.10968812 0.09747870 0.11950483 0.18299842 0.21120884
 [85] 0.12861406 0.12052673 0.10496411 0.14344446 0.21469213 0.17152989
 [91] 0.15858635 0.08730016 0.10579107 0.10403237 0.11430264 0.22860936
 [97] 0.20728776 0.31516453 0.09834635 0.10469558 0.10783221 0.14256026
[103] 0.13418645 0.14695430 0.11781858 0.10203426 0.11864248 0.32608431
[109] 0.12373901 0.10480298 0.09447947 0.14458343 0.10833219 0.13547071
[115] 0.11420785 0.09625653 0.14010116 0.22088269 0.10265280 0.14517180
[121] 0.09779398 0.12485725 0.13172405 0.11312976 0.17082611 0.16967337
[127] 0.12949141 0.18518797 0.26556719 0.19746750 0.09996561 0.21396507
[133] 0.09638786 0.15551499 0.11541210 0.14231929 0.09558094 0.12194990
[139] 0.13011958 0.21637451 0.10178287 0.11960639 0.34646703 0.14174962
[145] 0.14713063 0.15264134 0.09511293 0.21147415 0.20338838 0.23802601
[151] 0.09140237 0.19155424 0.09440889 0.10744708 0.10774378 0.13294818
[157] 0.10638959 0.11827760 0.09531358 0.13970445 0.10856964 0.14784907

$AUC
  [1] 0.8387804 0.8253658 0.9427501 0.7184812 0.7980596 0.6479458 0.8378618
  [8] 0.9117162 0.8138329 0.6903156 0.9091404 0.9569809 0.8274388 0.7487352
 [15] 0.9095228 0.9260746 0.9469054 0.8425751 0.8963025 0.9418284 0.9541595
 [22] 0.6061550 0.7009629 0.8765838 0.8996613 0.7755168 0.8098115 0.6045875
 [29] 0.9163116 0.7750337 0.7451217 0.7027367 0.8069119 0.7336937 0.6966432
 [36] 0.8149325 0.7588989 0.8795589 0.8980809 0.6608493 0.8301858 0.7116252
 [43] 0.7836203 0.8603670 0.6769259 0.6412913 0.8563282 0.8748080 0.8069761
 [50] 0.7714417 0.8474489 0.8343963 0.6752392 0.7722567 0.5760159 0.7572189
 [57] 0.9092536 0.7714189 0.6017108 0.8095645 0.9437864 0.8134820 0.8931515
 [64] 0.7990995 0.4747651 0.7471748 0.6925071 0.8947932 0.8122767 0.8938136
 [71] 0.7897727 0.9390044 0.6576363 0.8017000 0.7686466 0.8345378 0.9423239
 [78] 0.7774027 0.8077650 0.8774684 0.4668553 0.8526039 0.7676942 0.8319444
 [85] 0.8878792 0.9226347 0.9356490 0.8827003 0.6997282 0.7895474 0.8425995
 [92] 0.8959664 0.8657896 0.9121897 0.8592508 0.7154321 0.6892797 0.7338024
 [99] 0.7802329 0.8062990 0.9546554 0.8009108 0.9428426 0.9287965 0.9308347
[106] 0.7364618 0.4734481 0.7118087 0.7831454 0.8947242 0.3847059 0.6551162
[113] 0.8318477 0.9276347 0.7987226 0.6375870 0.8089215 0.6390766 0.8105761
[120] 0.8445957 0.6604480 0.9357615 0.8184519 0.9095756 0.6456898 0.9555843
[127] 0.7257899 0.7257381 0.6669214 0.8990711 0.8965348 0.7566813 0.5534827
[134] 0.9189063 0.9485854 0.8152274 0.7947855 0.9342452 0.9421891 0.7907268
[141] 0.6961279 0.8101536 0.8454709 0.7704082 0.9164387 0.8646724 0.9158957
[148] 0.6651318 0.7009180 0.7905425 0.8026891 0.7198428 0.9399037 0.7220118
[155] 0.7339798 0.8101173 0.8732835 0.5988704 0.7708403 0.7916312 0.8549747
[162] 0.8548085

$TjurR2
  [1]  0.2192963526  0.1635177038  0.2126999482  0.0184126895  0.0215213482
  [6]  0.0310856036  0.1115725455  0.1052399704  0.0662004073  0.0106925655
 [11]  0.1244497464  0.3682815240  0.0306223215  0.0358624350  0.0956023517
 [16]  0.2538831687  0.1672350151  0.0465623687  0.0932475214  0.1303211107
 [21]  0.2709663977  0.0043279761  0.0337066539  0.0722490524  0.1405586298
 [26]  0.0135614028  0.0878827227  0.0038155740  0.2485640537  0.0290098846
 [31]  0.0166719423  0.0405729345  0.0517887053  0.0533634575  0.0506353868
 [36]  0.0398547820  0.0467681286  0.1012422368  0.0360644991  0.0271548535
 [41]  0.0197212678  0.0389583912  0.0574886118  0.1922713655  0.0302816461
 [46]  0.0060235907  0.0376366240  0.0881282345  0.0377975600  0.0483621959
 [51]  0.1633466051  0.0835055848  0.0142378434  0.0879721131  0.0090599887
 [56]  0.1473248766  0.1073392271  0.0635550096  0.0009935226  0.0357303785
 [61]  0.0998245145  0.0260965247  0.0761874557  0.0550645330  0.0050127169
 [66]  0.0742064718  0.0305412760  0.0593895832  0.0330831380  0.0576321819
 [71]  0.0192587383  0.1683877824  0.0103322990  0.1263026469  0.0863870466
 [76]  0.0173757693  0.1263681600  0.1115817848  0.0812662238  0.0511948442
 [81] -0.0004645779  0.0545905972  0.0489128510  0.0881867432  0.0565378465
 [86]  0.0950767116  0.1135042104  0.0898277903  0.0360616304  0.0824334281
 [91]  0.0712460508  0.0964623817  0.0309613148  0.0780870673  0.0712335739
 [96]  0.0378605166  0.0210239579  0.0717774391  0.0584310939  0.0379123967
[101]  0.1376019324  0.0353417436  0.1893745764  0.1643184234  0.1371499747
[106]  0.0106612721 -0.0064470934  0.0761720151  0.0326748509  0.0609661888
[111] -0.0071523176  0.0127683504  0.0245649708  0.1307481369  0.0279626416
[116]  0.0119798623  0.0454967502  0.0201178809  0.0389646555  0.0705658663
[121]  0.0228841879  0.2073436396  0.0446024731  0.1003744449  0.0149470625
[126]  0.3272132010  0.0201119910  0.0406302856  0.0368489327  0.1325480626
[131]  0.0397017807  0.0576091189  0.0014298020  0.1729484511  0.1312372274
[136]  0.0349182657  0.0287496871  0.1142940211  0.1624424170  0.0615850591
[141]  0.0125734299  0.0230853387  0.2167601113  0.0304447902  0.1772214756
[146]  0.0675216870  0.0596854083  0.0238321691  0.0329282011  0.0676821475
[151]  0.0241508749  0.0349766180  0.1015638760  0.0075760216  0.0103529572
[156]  0.0345661961  0.0340569220  0.0113717208  0.0259120344  0.0270898525
[161]  0.0291935083  0.0503563860

[1] "END"
