[1] "trees"
[1] "1"
[1] "n=1200"
[1] 1200    2
[1] 1200    3
[1] 1200   63
[1] "MCMC is done"
Cross-validation, fold 1 out of 2
Cross-validation, fold 2 out of 2
[1] 1200   63  100
$RMSE
 [1] 0.16749209 0.29375270 0.13936058 0.13410354 0.26418629 0.13109503
 [7] 0.09002811 0.30434161 0.20930289 0.23081231 0.17586221 0.18052831
[13] 0.31685965 0.18680681 0.14023406 0.33914401 0.21094035 0.24201901
[19] 0.16669178 0.12655498 0.20444228 0.24534717 0.10861620 0.22029779
[25] 0.18157809 0.23356018 0.23947491 0.10046570 0.27029216 0.13952112
[31] 0.13344904 0.20212083 0.35980164 0.19354033 0.12879260 0.35084598
[37] 0.11230327 0.27511626 0.28343419 0.30426322 0.15754234 0.21662209
[43] 0.14649042 0.16059436 0.13387350 0.18238076 0.15862306 0.11383039
[49] 0.14454685 0.18651732 0.27450496 0.14721615 0.46230462 0.21307618
[55] 0.12762207 0.29557599 0.30907521 0.19589497 0.09223441 0.10108807
[61] 0.25976339 0.22200667 0.09149219

$AUC
 [1] 0.9434752 0.9317726 0.8746103 0.8684982 0.7834364 0.8939779 0.8608403
 [8] 0.8216904 0.7500422 0.8421823 0.8701373 0.7160083 0.8927944 0.8115777
[15] 0.8151927 0.7277629 0.7461954 0.8409790 0.8083010 0.8337288 0.7489173
[22] 0.8267067 0.7053120 0.7971128 0.8435810 0.8322017 0.8423526 0.7905443
[29] 0.8937881 0.8438563 0.9482894 0.8765022 0.7806142 0.9058061 0.8104237
[36] 0.7218192 0.7171871 0.8274611 0.7964770 0.8020148 0.7536182 0.5627082
[43] 0.8421898 0.8964576 0.5244558 0.8903172 0.7325533 0.7678421 0.7723758
[50] 0.7537939 0.7594463 0.8317072 0.6863300 0.7621637 0.7052899 0.6152224
[57] 0.7794270 0.8289220 0.8959401 0.6811869 0.8088998 0.9007881 0.8692561

$TjurR2
 [1] 0.2030827512 0.4649152849 0.0581416766 0.0481968369 0.0818334735
 [6] 0.0466283953 0.0349970355 0.1246599140 0.0350569437 0.1047718587
[11] 0.0861578801 0.0220018155 0.3442743381 0.0814020794 0.0335879278
[16] 0.0915413033 0.0400401010 0.1176479992 0.0634851927 0.0276199797
[21] 0.0337622542 0.1164321537 0.0097899629 0.0439892453 0.0583671407
[26] 0.0617857055 0.1266089520 0.0140243735 0.2467886056 0.0438115464
[31] 0.1780632318 0.1109378187 0.1347588740 0.1533148079 0.0278522919
[36] 0.0769894582 0.0102730130 0.1364838583 0.0844510848 0.1819664552
[41] 0.0328711514 0.0127691236 0.0402333811 0.0936450563 0.0009051767
[46] 0.1428663401 0.0198072024 0.0449955177 0.0252036669 0.0307054425
[51] 0.0782785747 0.0465338310 0.0941430529 0.0555820136 0.0092501450
[56] 0.0336393708 0.0853336235 0.0570846436 0.0632223616 0.0081120706
[61] 0.0905059727 0.1509936257 0.1336200409

[1] "END"
