[1] "trees"
[1] "3"
[1] "n=1200"
[1] 1200    2
[1] 1200    3
[1] 1200   63
[1] "MCMC is done"
Cross-validation, fold 1 out of 2
Cross-validation, fold 2 out of 2
[1] 1200   63  100
$RMSE
 [1] 0.5852746 0.4072374 0.6238197 0.6132594 0.7147415 0.6106724 0.6126999
 [8] 0.7846896 0.7885913 0.6753480 0.8013198 0.7935426 0.4687308 0.7578567
[15] 0.6542379 0.6436570 0.6784478 0.6915629 0.7539117 0.8030239 0.7168229
[22] 0.7539128 0.6627328 0.7777705 0.7861367 0.8207384 0.6201618 0.6147183
[29] 0.4879193 0.6467634 0.6478835 0.8190837 0.7010415 0.5671200 0.7202394
[36] 0.7283067 0.7032316 0.7022504 0.7975266 0.5965009 0.5799535 0.5305083
[43] 0.5939158 0.6615816 0.6248431 0.8001963 0.7438709 0.6778168 0.7271832
[50] 0.7220572 0.7176533 0.6147187 0.5161552 0.6249308 0.7062114 0.5340959
[57] 0.7534588 0.8385372 0.6270210 0.6768038 0.7388928 0.8654632 0.7026396

$AUC
 [1] 0.9293756 0.9071242 0.9064980 0.8723954 0.4111541 0.8954320 0.9421849
 [8] 0.4914416 0.2863348 0.5641592 0.5006168 0.3684421 0.8635615 0.2732205
[15] 0.7076601 0.4650198 0.3537502 0.6732534 0.2746857 0.2180932 0.2788928
[22] 0.5164464 0.6528547 0.2007726 0.4411570 0.1724925 0.8097839 0.8496072
[29] 0.8859524 0.7637472 0.8772085 0.3971707 0.3768251 0.9033436 0.4587288
[36] 0.3767464 0.5402532 0.6282592 0.2377273 0.5695283 0.8263818 0.4339765
[43] 0.8150636 0.8459172 0.5504665 0.5614284 0.5516433 0.3889358 0.2884288
[50] 0.6339571 0.5324623 0.8171198 0.5619220 0.4292251 0.2751460 0.5446431
[57] 0.3638875 0.1609242 0.8993042 0.7394781 0.5535606 0.2968296 0.8356908

$TjurR2
 [1]  0.48609995  0.64051030  0.45879993  0.45238916 -0.07409386  0.43398953
 [7]  0.50221434 -0.01843189 -0.24120533  0.07502779 -0.01044975 -0.18541650
[13]  0.55730457 -0.21299796  0.24693977 -0.02653701 -0.14748357  0.24245764
[19] -0.22749620 -0.31919341 -0.21478605 -0.01186231  0.17027290 -0.28264333
[25] -0.02276392 -0.29550893  0.42426192  0.40117040  0.55557775  0.34997711
[31]  0.38297593 -0.10425679 -0.08227362  0.48374640 -0.04337910 -0.07727613
[37]  0.01717765  0.14872366 -0.17916053  0.06744046  0.40354217 -0.06356638
[43]  0.44527100  0.42471401  0.04615898  0.05612589  0.02757261 -0.13684246
[49] -0.26271596  0.12539105  0.01232357  0.41310828  0.03483783 -0.06866498
[55] -0.24916374  0.04176061 -0.10238223 -0.33351587  0.47255286  0.29379594
[61]  0.04846181 -0.13829081  0.37145737

[1] "END"
