[1] "vegetation"
[1] "2"
[1] "n=1200"
[1] 1200    2
[1] 1200    4
[1] 1200  242
[1] "MCMC is done"
Cross-validation, fold 1 out of 2
Cross-validation, fold 2 out of 2
[1] 1200  242  100
$RMSE
  [1] 0.28735987 0.12771806 0.17980993 0.27999950 0.20590644 0.23050061
  [7] 0.29809602 0.35612250 0.12956195 0.24812434 0.44034631 0.28035741
 [13] 0.36379277 0.26642926 0.11989235 0.18286864 0.26806828 0.12053634
 [19] 0.48649935 0.22709713 0.12472321 0.28834682 0.10766649 0.13049123
 [25] 0.16710260 0.12310503 0.33995008 0.46382949 0.13019763 0.25089680
 [31] 0.13593889 0.22398184 0.13630576 0.41493993 0.42539087 0.36351102
 [37] 0.33896666 0.39765907 0.22134508 0.14644924 0.09959484 0.17021379
 [43] 0.12933130 0.10357344 0.09775997 0.17521845 0.10107449 0.14063937
 [49] 0.41280209 0.16935745 0.13857120 0.36219754 0.13035431 0.37342380
 [55] 0.44559218 0.20229533 0.11333921 0.52528801 0.18581158 0.26108873
 [61] 0.10257851 0.50108809 0.40377238 0.15506332 0.13639367 0.24116692
 [67] 0.15207525 0.10209331 0.23013477 0.17342388 0.18848759 0.23696100
 [73] 0.38306403 0.12791361 0.48663807 0.16128182 0.17404251 0.19750539
 [79] 0.24986208 0.23036801 0.19863036 0.15542413 0.10024336 0.13456217
 [85] 0.16644644 0.16842989 0.12552528 0.16704321 0.10685244 0.49482441
 [91] 0.24818986 0.11125682 0.12249902 0.23129098 0.26247148 0.17340067
 [97] 0.22520358 0.23332594 0.30496853 0.23952196 0.37049086 0.28164759
[103] 0.24244160 0.23348124 0.19430888 0.24819230 0.18759686 0.19852906
[109] 0.37900232 0.41324765 0.44549252 0.21901352 0.25507100 0.30097868
[115] 0.17842783 0.29452270 0.11011986 0.14642274 0.18021272 0.12204697
[121] 0.09547863 0.17440242 0.34740907 0.12850857 0.24257254 0.12701465
[127] 0.42251468 0.45423143 0.44322874 0.12606646 0.35074544 0.24862003
[133] 0.29047383 0.16260021 0.10111238 0.10714165 0.16207086 0.10936310
[139] 0.10778033 0.39439550 0.28244190 0.20224487 0.25940753 0.20844267
[145] 0.49726652 0.21582052 0.16991978 0.39498879 0.39554641 0.17296534
[151] 0.39807512 0.45824991 0.24082733 0.51023418 0.18407069 0.38052811
[157] 0.20154447 0.22538042 0.29451328 0.32073191 0.18627626 0.14672864
[163] 0.30290683 0.15410088 0.11621147 0.21237035 0.14453245 0.20756138
[169] 0.18409197 0.11206448 0.14629574 0.09699149 0.14566069 0.09495170
[175] 0.15334983 0.09965647 0.39584907 0.19830014 0.40436581 0.10688383
[181] 0.48519273 0.48434084 0.31076494 0.40087533 0.49624985 0.10937892
[187] 0.34161767 0.47942787 0.49769402 0.47207160 0.11068970 0.44442743
[193] 0.41052020 0.48857842 0.25848587 0.15076646 0.30184564 0.13289133
[199] 0.47884499 0.25226460 0.43182654 0.13864356 0.44399390 0.10842721
[205] 0.47269115 0.13785964 0.31556585 0.41882605 0.42843038 0.29656470
[211] 0.12157187 0.13413536 0.09849676 0.13816966 0.36344149 0.24911781
[217] 0.48175195 0.37895774 0.41771696 0.47982732 0.43913247 0.21303754
[223] 0.30303256 0.25268278 0.48039431 0.15963333 0.17737695 0.14052449
[229] 0.12460483 0.10408616 0.20004136 0.17003013 0.18794559 0.33973719
[235] 0.44499761 0.41819522 0.23937744 0.10714150 0.20644535 0.17652340
[241] 0.15579546 0.45543025

$AUC
  [1] 0.7488315 0.7705342 0.7581529 0.7593328 0.7267304 0.7118008 0.7955550
  [8] 0.7103015 0.7060068 0.7545595 0.7895662 0.8451947 0.7994658 0.6953125
 [15] 0.7414350 0.6698060 0.7333607 0.7522749 0.6221029 0.8135133 0.8397187
 [22] 0.7222597 0.7546296 0.7767797 0.7276060 0.5936444 0.7230391 0.6504538
 [29] 0.7624553 0.7819822 0.7517750 0.8115280 0.4656625 0.8097866 0.5567079
 [36] 0.6021611 0.6953179 0.8215433 0.8081949 0.7611388 0.7074700 0.7387465
 [43] 0.7703390 0.6710859 0.7268140 0.7212940 0.6751281 0.7779912 0.7037055
 [50] 0.8122375 0.7699105 0.7429440 0.8333535 0.7187336 0.6929999 0.6846930
 [57] 0.7342363 0.4194565 0.8047539 0.7971365 0.8054153 0.5993050 0.8018784
 [64] 0.8204843 0.6770721 0.6725891 0.7747150 0.6085714 0.6433345 0.8609952
 [71] 0.7498972 0.7786112 0.6865120 0.7839820 0.6380614 0.7360052 0.7648904
 [78] 0.6852060 0.7062513 0.8030560 0.7522609 0.6142735 0.5057983 0.7932937
 [85] 0.7535990 0.7931591 0.6021432 0.7859718 0.6946407 0.5901673 0.7957523
 [92] 0.6379068 0.8477450 0.8086811 0.7208256 0.6920880 0.7581496 0.7463915
 [99] 0.7520110 0.7449527 0.8019717 0.7846309 0.7228050 0.7114932 0.8071065
[106] 0.8561862 0.6709106 0.8133041 0.8342003 0.7892255 0.7531132 0.7296053
[113] 0.8031005 0.7916793 0.7785287 0.6746249 0.6555649 0.6593362 0.6931028
[120] 0.6899707 0.5772269 0.7284583 0.6311254 0.5063398 0.5106725 0.5261797
[127] 0.5838499 0.7454959 0.7243426 0.7250423 0.7141206 0.6943853 0.6163692
[134] 0.5296228 0.7064760 0.7639168 0.7549061 0.7917972 0.7632039 0.7521053
[141] 0.6281909 0.6010853 0.7391726 0.7679409 0.5589576 0.5902155 0.7320228
[148] 0.5870406 0.7059941 0.7912203 0.6264015 0.5542411 0.7795446 0.5310606
[155] 0.7053175 0.6664324 0.6940451 0.5719003 0.6483489 0.6960748 0.7801785
[162] 0.7535710 0.7654565 0.6110637 0.5969044 0.7468469 0.7620766 0.7544013
[169] 0.6263578 0.7478921 0.8130315 0.6282353 0.7354894 0.5891597 0.7035288
[176] 0.7307898 0.7401480 0.5721091 0.7006627 0.5998165 0.6565769 0.6064514
[183] 0.5559433 0.7327638 0.5596201 0.5175365 0.7297088 0.6182856 0.5610474
[190] 0.5774034 0.8096240 0.6753815 0.5387389 0.6305698 0.5983217 0.6200170
[197] 0.7339052 0.6284322 0.6891884 0.7172340 0.7294464 0.5762349 0.7687344
[204] 0.6128648 0.6250363 0.5806780 0.5764837 0.7327499 0.5815356 0.7261795
[211] 0.3948513 0.6544552 0.3882353 0.7327520 0.6414781 0.7372545 0.6872747
[218] 0.5828985 0.6898872 0.6518456 0.7346739 0.7282624 0.7437500 0.7067818
[225] 0.6322545 0.6624217 0.6282448 0.6260225 0.6710378 0.5497362 0.7659533
[232] 0.6584900 0.5514328 0.6421900 0.7086192 0.6506635 0.5237449 0.3952101
[239] 0.6936797 0.7101392 0.4822137 0.6686363

$TjurR2
  [1]  0.1049428200  0.0622057299  0.0463914959  0.1075892779  0.0576085737
  [6]  0.0623036597  0.1359911730  0.1205030408  0.0336369201  0.0806272379
 [11]  0.2711458932  0.1249973116  0.1810553028  0.0476737456  0.0049470273
 [16]  0.0274082358  0.0840688927  0.0156541550  0.0758827512  0.0852622600
 [21]  0.0752923977  0.0828540334  0.0367904070  0.0206899604  0.0431248395
 [26]  0.0011252182  0.0990607624  0.0758194466  0.0347263030  0.1169726736
 [31]  0.0178103919  0.0465420599 -0.0139848711  0.2785445911  0.0284615092
 [36]  0.0336162015  0.0719379957  0.2935688860  0.1114059458  0.0105835315
 [41]  0.0095137071  0.0572557378  0.0342399783  0.0081860634  0.0050773724
 [46]  0.0256416920  0.0134943958  0.0473771569  0.1034490044  0.0391936155
 [51]  0.0502672060  0.1397694031  0.0405852233  0.1194300568  0.1236902675
 [56]  0.0268755210  0.0237872207 -0.0236615547  0.0596711477  0.0781390311
 [61]  0.0245273052  0.0565273964  0.2988877669  0.0540674065  0.0015037804
 [66]  0.0377822313  0.0408079631  0.0035122758  0.0182432310  0.0647881609
 [71]  0.0544426567  0.0786411309  0.0873939959  0.0435626699  0.0737097367
 [76]  0.0460876340  0.0494196317  0.0369891931  0.0677944486  0.0770244705
 [81]  0.0539862586  0.0209777931 -0.0043344199  0.0405758873  0.0513520655
 [86]  0.0632346445  0.0083662045  0.0445137833  0.0094802175  0.0535690042
 [91]  0.0850577542  0.0028446626  0.0655900635  0.1134746338  0.0507531243
 [96]  0.0307813516  0.0554749936  0.0793238239  0.0934043524  0.0590905008
[101]  0.2012408624  0.0925702116  0.0691197892  0.0494098079  0.0700496213
[106]  0.1007278908  0.0425798912  0.0676955839  0.2762321051  0.2242511044
[111]  0.1713359483  0.0499404974  0.1039277472  0.1253758342  0.0500759419
[116]  0.0652317261  0.0052378634  0.0739156366  0.0027685841  0.0217312517
[121] -0.0001989625  0.0328740250  0.0375251055 -0.0048958257  0.0039839340
[126] -0.0059419904  0.0265425782  0.1787747871  0.1351019606  0.0105130548
[131]  0.0791186430  0.0890878613  0.0332909259  0.0128334577  0.0152451335
[136]  0.0214271346  0.0549523150  0.0146656397  0.0208896300  0.1426725013
[141]  0.0425120146  0.0320063953  0.0695834205  0.0737545767  0.0172414855
[146]  0.0371978629  0.0452902968  0.0257868229  0.1099252484  0.0409348560
[151]  0.0561956777  0.0122372921  0.0918652826  0.0111754491  0.0740417052
[156]  0.0782150799  0.0654384725  0.0179515097  0.0430691712  0.0822331525
[161]  0.0384584305  0.0095642721  0.0883879719  0.0047517790  0.0020131629
[166]  0.0171131472  0.0389752369  0.0583106357  0.0129491949  0.0200774684
[171]  0.0448161056 -0.0035455882  0.0231691965 -0.0014496179  0.0221015679
[176]  0.0126096724  0.1559225859  0.0022958482  0.1124152331  0.0019136186
[181]  0.0923953669  0.0471164138  0.0097983813  0.1377101862  0.0223143136
[186] -0.0078486767  0.1081976292  0.0540480917  0.0158307025  0.0494984461
[191]  0.0323349505  0.0868782235  0.0087972872  0.0582417756  0.0096824622
[196]  0.0063071183  0.0910563731  0.0073243811  0.0987778746  0.0852661118
[201]  0.1431500559  0.0089115037  0.2179923591  0.0057960937  0.0409189977
[206]  0.0008379943  0.0207142281  0.1243332839  0.0313657101  0.0833144332
[211] -0.0132010121  0.0272335410 -0.0140655040  0.0311887807  0.0415184085
[216]  0.0650382805  0.1242841332  0.0296711123  0.0947740871  0.0921762866
[221]  0.1503182078  0.1084582422  0.1283326128  0.0640454684  0.1055129999
[226]  0.0163914572  0.0168191643  0.0122031492  0.0316590466  0.0034402949
[231]  0.1098587939  0.0189459704  0.0039722118  0.0344625431  0.1216721312
[236]  0.0706320897  0.0037337067 -0.0078862772  0.0409345233  0.0419501463
[241] -0.0009934374  0.0994130045

[1] "END"
