[1] "plant"
[1] "2"
[1] "n=1200"
[1] 1200    2
[1] 1200    5
[1] 1200  162
[1] "MCMC is done"
Cross-validation, fold 1 out of 2
Cross-validation, fold 2 out of 2
[1] 1200  162  100
$RMSE
  [1] 0.34812814 0.26592634 0.17056182 0.15695394 0.21810977 0.24742854
  [7] 0.28901832 0.13012128 0.19934807 0.15930868 0.14475350 0.19813602
 [13] 0.12442121 0.20666774 0.12188157 0.19530114 0.14222831 0.20566356
 [19] 0.09412446 0.11875930 0.17297064 0.15924984 0.19626140 0.16848236
 [25] 0.20439708 0.11665313 0.26170245 0.16052988 0.22534247 0.20757998
 [31] 0.16568194 0.26273612 0.28095769 0.26881453 0.38795219 0.16809220
 [37] 0.29802282 0.13555305 0.14129200 0.33507703 0.11914959 0.27801840
 [43] 0.22330870 0.27320901 0.19037310 0.15565379 0.12760811 0.20967597
 [49] 0.15905849 0.29878355 0.33004997 0.17468499 0.22359928 0.34151651
 [55] 0.15442853 0.44718736 0.12598134 0.21449641 0.13629757 0.16972595
 [61] 0.12156213 0.12234891 0.18456353 0.21073357 0.16514949 0.18505661
 [67] 0.22907884 0.09874420 0.13838892 0.13348673 0.10432269 0.17178267
 [73] 0.17455713 0.33743940 0.39794871 0.09675423 0.10619310 0.35926418
 [79] 0.23748783 0.14978535 0.12601499 0.14864528 0.24092616 0.22921740
 [85] 0.16999315 0.12952424 0.10946962 0.16787089 0.23411363 0.23675279
 [91] 0.16377941 0.12153281 0.11876647 0.11870950 0.10983910 0.32040776
 [97] 0.27283809 0.34434992 0.11726241 0.15602061 0.11407567 0.16886373
[103] 0.15038604 0.16561199 0.12720044 0.18193938 0.17389382 0.35923185
[109] 0.15984548 0.12789930 0.17246673 0.16118888 0.12562622 0.13768850
[115] 0.12317912 0.13926251 0.24123814 0.27676531 0.12525944 0.14829260
[121] 0.17106133 0.16571963 0.18891866 0.13206096 0.24436226 0.19855254
[127] 0.17291213 0.27677100 0.30855671 0.22303027 0.12621382 0.24663483
[133] 0.15618769 0.16487718 0.12125306 0.19550061 0.13071752 0.12477539
[139] 0.14028749 0.28191218 0.14891783 0.16346796 0.37411813 0.14246795
[145] 0.15963261 0.17666249 0.10974109 0.22228395 0.30042674 0.31659430
[151] 0.11551548 0.20244716 0.09906838 0.10730751 0.13155084 0.20775183
[157] 0.15576241 0.18936541 0.10910120 0.17716820 0.12338646 0.14904778

$AUC
  [1] 0.8303917 0.7684626 0.8890559 0.5750256 0.5539404 0.6525194 0.8079305
  [8] 0.8819912 0.8089687 0.5747410 0.7668766 0.9054056 0.7552787 0.6997423
 [15] 0.7870038 0.8905430 0.8502855 0.6389700 0.8880672 0.9155556 0.9040086
 [22] 0.5052787 0.6214258 0.8039230 0.8570010 0.7251636 0.6630283 0.6415544
 [29] 0.8901476 0.6396076 0.5687786 0.6458061 0.7813404 0.6144545 0.6723255
 [36] 0.6909972 0.5849356 0.5747001 0.7582384 0.5928638 0.7794938 0.5884546
 [43] 0.6578900 0.8205588 0.6978608 0.5107203 0.7663794 0.7170395 0.6258790
 [50] 0.7121720 0.8202652 0.7711522 0.6660005 0.7559179 0.4434025 0.7350406
 [57] 0.8209935 0.6838030 0.5728080 0.6857976 0.8836247 0.7832492 0.7917653
 [64] 0.6689916 0.6306312 0.6513184 0.6568091 0.5841425 0.7469449 0.8325847
 [71] 0.6769781 0.8365142 0.6548893 0.8084864 0.7176818 0.7332773 0.5754650
 [78] 0.7818630 0.7373720 0.7670886 0.5278691 0.7507990 0.5822193 0.8175877
 [85] 0.7859364 0.8699140 0.4822759 0.7947649 0.7209406 0.6739871 0.7901327
 [92] 0.7731933 0.7974856 0.8873696 0.6049747 0.7076110 0.6074254 0.6169609
 [99] 0.5347924 0.8306655 0.6926582 0.6084720 0.8442553 0.8803852 0.7856856
[106] 0.5968013 0.4701225 0.6941472 0.6643344 0.8701518 0.5568908 0.6056548
[113] 0.8052277 0.8861512 0.7686867 0.5625812 0.7806477 0.6151161 0.7379949
[120] 0.7977532 0.6817035 0.8230948 0.7303596 0.8565773 0.6401471 0.8012199
[127] 0.8538705 0.6486142 0.6412666 0.8773323 0.7955948 0.7760965 0.4024773
[134] 0.8702449 0.8429715 0.6597759 0.6602951 0.8166009 0.8683831 0.6419042
[141] 0.5132576 0.6890756 0.8311080 0.7772817 0.8516524 0.8196581 0.8531233
[148] 0.5528695 0.6319519 0.7118572 0.6796639 0.6516580 0.8262100 0.7480359
[155] 0.6967598 0.8011267 0.6297880 0.4654772 0.7302521 0.6715207 0.8204649
[162] 0.8132426

$TjurR2
  [1]  3.247426e-01  1.478951e-01  1.407058e-01  1.164870e-02 -1.776840e-02
  [6]  2.141020e-02  2.277401e-01  1.191838e-01  9.608414e-02 -1.928768e-02
 [11]  2.278466e-02  1.655721e-01  2.606749e-02  6.065254e-02  2.003256e-02
 [16]  1.670463e-01  1.000103e-01  6.243939e-03  1.276986e-01  1.048973e-01
 [21]  1.884493e-01 -2.209992e-02  2.333880e-02  1.246777e-01  1.369954e-01
 [26]  2.256643e-02  7.921369e-02 -3.431374e-03  2.162596e-01  9.407829e-03
 [31] -2.395809e-02  2.233250e-02  9.950817e-02  2.586964e-02  5.574129e-02
 [36]  4.198451e-02  3.812191e-04  8.607800e-03  4.155295e-02  4.460340e-03
 [41]  4.880336e-02 -3.803083e-03  4.763742e-02  1.349834e-01  1.520020e-01
 [46] -2.192879e-02  3.732617e-02  5.356427e-02 -7.388263e-03  6.888678e-02
 [51]  2.934983e-01  7.597166e-02  1.471055e-02  1.769854e-01 -8.689922e-03
 [56]  1.863614e-01  5.310921e-02  6.953409e-02 -1.278841e-02  2.136639e-02
 [61]  1.069685e-01  6.409708e-02  6.300473e-02  4.135624e-02  5.698473e-02
 [66]  3.474636e-02  1.494142e-01 -5.301892e-03  3.847217e-02  4.609904e-02
 [71]  8.302905e-03  8.110885e-02  1.801084e-02  2.703945e-01  1.063940e-01
 [76]  3.681827e-02 -1.016220e-03  2.001341e-01  1.237407e-01  1.761783e-02
 [81]  1.071770e-02  3.529798e-02 -2.108912e-03  1.448301e-01  8.419311e-02
 [86]  8.007967e-02  6.252343e-05  6.900962e-02  1.264698e-01  4.027332e-02
 [91]  5.573748e-02  3.909631e-02  4.007821e-02  9.376131e-02  1.483852e-03
 [96]  9.275249e-02 -8.515595e-03  5.232931e-02  3.676575e-03  1.323373e-01
[101] -1.989171e-03  2.855347e-03  5.936510e-02  1.473740e-01  1.505494e-02
[106]  1.238182e-02 -1.506036e-02  8.088857e-02  2.971933e-03  7.985949e-02
[111]  6.672375e-03 -2.542116e-03  4.410906e-02  1.070756e-01  3.713427e-02
[116] -8.763632e-03  1.832084e-01  2.620553e-02  3.408298e-02  4.946987e-02
[121]  1.023816e-02  3.035033e-02  2.261940e-02  7.948355e-02  4.694830e-03
[126]  3.336869e-02  1.570166e-01  6.031986e-02  4.727914e-02  2.367527e-01
[131]  7.416306e-02  1.148264e-01 -3.818349e-02  1.021297e-01  4.224554e-02
[136]  2.179842e-02  2.941279e-03  5.107723e-02  8.774083e-02  2.708591e-02
[141] -1.529648e-02 -4.962479e-03  3.359768e-01  3.698501e-02  8.956855e-02
[146]  8.949162e-02  5.556032e-02  1.056584e-02 -9.500829e-03  9.989066e-02
[151]  5.040398e-03  3.107370e-02  2.457361e-02  1.103960e-02  8.848476e-03
[156]  1.020945e-01  2.649943e-03 -4.571615e-02  2.031186e-02  2.768807e-02
[161]  5.161974e-02  5.532368e-02

[1] "END"
