[1] "birds"
[1] "3"
[1] "n=1200"
[1] 1200    2
[1] 1200    5
[1] 1200  141
[1] "MCMC is done"
Cross-validation, fold 1 out of 2
Cross-validation, fold 2 out of 2
[1] 1200  141  100
$RMSE
  [1] 0.5828394 0.5979854 0.5488547 0.5395459 0.5835128 0.5822982 0.5658164
  [8] 0.5662815 0.5729823 0.4297976 0.4395167 0.5043363 0.5637888 0.5686637
 [15] 0.5886137 0.6859740 0.5738652 0.5822757 0.5764017 0.5415072 0.5626543
 [22] 0.5695305 0.5716286 0.4357789 0.6130158 0.4656533 0.5866576 0.4436414
 [29] 0.5503090 0.5771531 0.5641632 0.4208684 0.4927340 0.4868876 0.4820041
 [36] 0.5166330 0.5835204 0.5702363 0.4390829 0.4664694 0.3620762 0.6158868
 [43] 0.5561807 0.4434442 0.5611094 0.5742520 0.5816195 0.4579223 0.4458597
 [50] 0.5857507 0.5038638 0.4422245 0.5866903 0.5823261 0.4658200 0.5776797
 [57] 0.5682277 0.5604298 0.4242250 0.5631912 0.5724086 0.5295149 0.5801244
 [64] 0.5921547 0.4837082 0.5664108 0.5786320 0.5779062 0.4473652 0.6100629
 [71] 0.6286050 0.5482194 0.5039761 0.5811678 0.5860797 0.5816329 0.5832260
 [78] 0.5991176 0.4464371 0.6011239 0.4384146 0.5679720 0.6281386 0.5729357
 [85] 0.4695909 0.5936857 0.4610993 0.3636656 0.6030825 0.4734876 0.4111293
 [92] 0.4804648 0.5538179 0.5765495 0.5415827 0.6454647 0.5667549 0.5716071
 [99] 0.5073741 0.5227852 0.4877922 0.5457425 0.4409194 0.6049928 0.5777395
[106] 0.5362678 0.5881675 0.5559347 0.4731153 0.5069838 0.5160692 0.4518365
[113] 0.5673811 0.5272502 0.5623513 0.5153795 0.5716380 0.5500746 0.5971982
[120] 0.5827938 0.4559687 0.5968242 0.3943768 0.4137953 0.4810683 0.4653916
[127] 0.5309129 0.6169139 0.5885953 0.6136710 0.5993219 0.4534632 0.4922432
[134] 0.4130204 0.5479295 0.4491653 0.4668232 0.5057332 0.5148367 0.4506983
[141] 0.5517726

$AUC
  [1] 0.4844934 0.5262707 0.4674163 0.6213234 0.4474843 0.4340948 0.4805036
  [8] 0.5285868 0.6463866 0.8223257 0.8626747 0.4198801 0.5814516 0.6396820
 [15] 0.4989781 0.4918566 0.3949785 0.3699296 0.6084793 0.8241043 0.8482405
 [22] 0.7266414 0.5874379 0.7091500 0.5908291 0.8028909 0.4472633 0.6196505
 [29] 0.7836023 0.6285593 0.8092264 0.8617324 0.5441446 0.7123697 0.6008122
 [36] 0.6897414 0.4188016 0.4888137 0.7998555 0.5620013 0.9010607 0.3565520
 [43] 0.5506789 0.8275438 0.8511652 0.6244000 0.4252678 0.7631555 0.8680122
 [50] 0.6838013 0.5893116 0.6890122 0.4384836 0.4487876 0.6923911 0.7073673
 [57] 0.5949417 0.5400185 0.7501567 0.3794856 0.6934735 0.8767433 0.5385654
 [64] 0.5585223 0.6317750 0.7357947 0.4388719 0.6261142 0.7632357 0.3590558
 [71] 0.3546968 0.4839469 0.8288991 0.6013105 0.4502625 0.6925741 0.4591334
 [78] 0.5962340 0.7481061 0.5934463 0.7730337 0.5082574 0.3902190 0.6879167
 [85] 0.7903143 0.3527652 0.5449338 0.8930514 0.3822522 0.5914536 0.8947988
 [92] 0.7026308 0.5411870 0.6273262 0.6325217 0.5116517 0.7701669 0.6958051
 [99] 0.6155639 0.5472257 0.5202782 0.8842328 0.7844441 0.4516202 0.4372203
[106] 0.5579680 0.4911765 0.8932838 0.7937958 0.6642783 0.5755745 0.7671187
[113] 0.5758898 0.5460579 0.3867116 0.5506298 0.6611040 0.7998652 0.4351488
[120] 0.5275037 0.6943533 0.4202000 0.8638342 0.8522247 0.6796142 0.6725844
[127] 0.4850174 0.3944932 0.4720989 0.6113345 0.6318379 0.7248557 0.8158119
[134] 0.8276872 0.6278692 0.8122163 0.8463347 0.5923769 0.9023329 0.7696876
[141] 0.5177797

$TjurR2
  [1] -0.1060624616  0.0286832522 -0.1839395359  0.1010337910 -0.0851587885
  [6] -0.0994923000 -0.0637376641 -0.1211042749  0.2097730390  0.4047348049
 [11]  0.5619596431 -0.0537548125  0.0395255821  0.2438664568  0.0098525610
 [16]  0.0006159734 -0.1509653762 -0.0915300316  0.1824795882  0.6532946461
 [21]  0.6147250103  0.4840251082  0.0248057749  0.1371354466  0.0699027248
 [26]  0.3892269685 -0.1540320129  0.0668270624  0.4852203809  0.2396276994
 [31]  0.6474286595  0.3752473062  0.0058749410  0.2079194676  0.0576283222
 [36]  0.2463161294 -0.0883272690 -0.0509095428  0.3422540625  0.0369174569
 [41]  0.3754323806 -0.1529291819  0.0512355654  0.4764671078  0.6508535146
 [46]  0.2533167295 -0.0852888003  0.2514390685  0.5814007701  0.1621734051
 [51]  0.0592979171  0.1203583254 -0.0949861371 -0.0538275294  0.0727191219
 [56]  0.2952941232  0.1139694570  0.0249279199  0.2141472051 -0.1496203074
 [61]  0.2702592278  0.6669896544 -0.0614529852  0.0693514430  0.0825924863
 [66]  0.3555293595 -0.1153682859  0.2429023282  0.3165285338 -0.1954004444
 [71] -0.1498360282 -0.1442328307  0.5904302962  0.1105057075 -0.0151751717
 [76]  0.4231492739 -0.1554305930  0.1397520664  0.2223614781  0.0951012320
 [81]  0.2920107039 -0.0272499320 -0.0991842669  0.2202249817  0.4021674661
 [86] -0.2339752569  0.0303885646  0.3623436218 -0.1346822350  0.0615788505
 [91]  0.5442535157  0.1690800548 -0.0479977469  0.1692241285  0.1314405430
 [96] -0.0037526698  0.6351077320  0.3583397187  0.1262742830  0.0244965359
[101] -0.0078415172  0.6088051501  0.2392616447 -0.0747836548 -0.1105851866
[106] -0.0097598759 -0.0163222289  0.6534305390  0.3933485790  0.1474283175
[111]  0.0315278487  0.2665766160  0.0044425080  0.0280168358 -0.1838923927
[116]  0.0178202890  0.1861451584  0.6543676461 -0.1390609028  0.0651933211
[121]  0.1798569979 -0.0999621723  0.2945605851  0.3395426568  0.1523854508
[126]  0.0892576437 -0.0091190551 -0.0788553455  0.0296974931  0.1314386786
[131]  0.1085184217  0.2040087221  0.4805589753  0.2227573758  0.0958670991
[136]  0.3712486012  0.5270893868  0.0617085106  0.6433027268  0.2146853363
[141] -0.0383490109

[1] "END"
