[1] "trees"
[1] "2"
[1] "n=1200"
[1] 1200    2
[1] 1200    3
[1] 1200   63
[1] "MCMC is done"
Cross-validation, fold 1 out of 2
Cross-validation, fold 2 out of 2
[1] 1200   63  100
$RMSE
 [1] 0.19729861 0.29784153 0.14004722 0.14919611 0.26504604 0.14682584
 [7] 0.10129551 0.30845391 0.20882988 0.24319219 0.17673962 0.18483832
[13] 0.32119965 0.19866008 0.13931401 0.35026906 0.21561606 0.24423741
[19] 0.16994755 0.13027269 0.21400358 0.24702362 0.10896480 0.22864925
[25] 0.18471672 0.24325963 0.23395789 0.10240542 0.27812486 0.13860819
[31] 0.13469001 0.20378581 0.36338688 0.20011639 0.13465160 0.38817765
[37] 0.11779767 0.27628824 0.29157044 0.30905170 0.15830448 0.21556095
[43] 0.14858691 0.18778976 0.13339002 0.18628531 0.15737634 0.11450137
[49] 0.14721273 0.18321026 0.27652561 0.14840289 0.46748151 0.21480208
[55] 0.13122023 0.29366230 0.33291292 0.20042672 0.09521412 0.10090830
[61] 0.25958489 0.21990528 0.10661804

$AUC
 [1] 0.9453482 0.9289432 0.8702168 0.8988270 0.7709267 0.9026617 0.8563866
 [8] 0.7995243 0.7353686 0.8005497 0.8787318 0.6568320 0.8905683 0.7842701
[15] 0.8263535 0.6982664 0.7054623 0.8204959 0.7876879 0.7624576 0.6975470
[22] 0.8203303 0.7421103 0.6866825 0.7892103 0.7551625 0.8715012 0.8582351
[29] 0.8810683 0.8199405 0.9063830 0.8716257 0.7602688 0.9012329 0.6946610
[36] 0.6324973 0.7093671 0.8153129 0.7266459 0.7694003 0.7931339 0.5731762
[43] 0.8172258 0.8938891 0.4849954 0.8941648 0.7468749 0.7169552 0.7638579
[50] 0.8009286 0.7611393 0.8216034 0.6789633 0.7121784 0.8102411 0.6238328
[57] 0.6436274 0.7692793 0.8587048 0.7639590 0.8168164 0.9074015 0.9067972

$TjurR2
 [1]  0.382933421  0.424736021  0.028743027  0.144811465  0.077344343
 [6]  0.143271214  0.014275238  0.123420512  0.034955949  0.110615511
[11]  0.083176051  0.014335742  0.382976035  0.071935541  0.043007227
[16]  0.089537935  0.030902382  0.123202110  0.054352041  0.021973132
[21]  0.026210756  0.117933310  0.010509699  0.023355866  0.046306479
[26]  0.040910491  0.141645350  0.041338330  0.270285309  0.028606225
[31]  0.122126515  0.096846592  0.121868748  0.184300967  0.013913651
[36]  0.054956168  0.009855768  0.124413645  0.056059218  0.141642888
[41]  0.055113236  0.009144463  0.039315894  0.193888445 -0.003496019
[46]  0.096178165  0.021830995  0.033006820  0.026379116  0.054803970
[51]  0.084034340  0.031781663  0.090900005  0.043534305  0.037721028
[56]  0.032588905  0.055096792  0.039457098  0.015985349  0.016147396
[61]  0.099387300  0.144947106  0.292730891

[1] "END"
