[1] "birds"
[1] "1"
[1] "n=1200"
[1] 1200    2
[1] 1200    5
[1] 1200  141
[1] "MCMC is done"
Cross-validation, fold 1 out of 2
Cross-validation, fold 2 out of 2
[1] 1200  141  100
$RMSE
  [1] 0.23900035 0.37627275 0.21433040 0.26742219 0.29952415 0.13588132
  [7] 0.32842902 0.22252387 0.08948339 0.36558164 0.29996648 0.35045669
 [13] 0.17763428 0.13687277 0.24750048 0.25538347 0.29114741 0.38757605
 [19] 0.18538099 0.17585386 0.13100709 0.10006504 0.19487692 0.37273462
 [25] 0.41898716 0.35177493 0.27690939 0.36776904 0.16565901 0.12912908
 [31] 0.10265689 0.33377684 0.48007841 0.44576108 0.27494915 0.39645227
 [37] 0.37709573 0.29331537 0.39385582 0.38741812 0.33151373 0.11600114
 [43] 0.43199466 0.29590837 0.12565620 0.15340357 0.25857578 0.40908356
 [49] 0.24441876 0.37754088 0.45945551 0.36578811 0.34820177 0.28924662
 [55] 0.43436347 0.16702572 0.14472774 0.29113494 0.36233877 0.28784730
 [61] 0.28971977 0.19850998 0.11102321 0.30102611 0.45381097 0.17773797
 [67] 0.31670600 0.10776707 0.42176988 0.13509144 0.29084032 0.15488594
 [73] 0.23551467 0.15407355 0.10637577 0.10943738 0.20886774 0.19352393
 [79] 0.39047920 0.36448745 0.42217364 0.13754722 0.37141922 0.33648240
 [85] 0.33158549 0.20074725 0.36477539 0.34318212 0.17062874 0.39306535
 [91] 0.29918570 0.44708957 0.24476701 0.23922782 0.24055298 0.28513731
 [97] 0.09806677 0.12480452 0.45970631 0.42951321 0.36492285 0.17761508
[103] 0.33846782 0.18290569 0.13708185 0.25750478 0.09127366 0.14143277
[109] 0.32136756 0.44302130 0.43584733 0.38020256 0.12808572 0.43743680
[115] 0.30751292 0.29835469 0.11302522 0.15572146 0.26571213 0.20731092
[121] 0.26992854 0.10904530 0.33806913 0.31530124 0.30448882 0.37365565
[127] 0.41867394 0.36554943 0.15788069 0.35138761 0.39767928 0.39127701
[133] 0.30340321 0.38172720 0.42042922 0.31655826 0.27992312 0.47560269
[139] 0.24772687 0.41084184 0.30863380

$AUC
  [1] 0.8165139 0.5669872 0.8048842 0.9233391 0.5754488 0.6504862 0.8094064
  [8] 0.8806307 0.8111765 0.8564227 0.9173579 0.8292798 0.8308887 0.5804136
 [15] 0.6410529 0.9126984 0.7595723 0.6818311 0.7005305 0.9579130 0.9203967
 [22] 0.8682660 0.9393895 0.8366471 0.7931511 0.8499416 0.8492353 0.8515314
 [29] 0.9095941 0.7070763 0.9618003 0.9238896 0.6118178 0.7514018 0.9337577
 [36] 0.7088333 0.7459188 0.7978379 0.8347263 0.8071235 0.9197017 0.9182647
 [43] 0.6721303 0.9250115 0.9533503 0.7760240 0.4821219 0.8238719 0.9568837
 [50] 0.8722095 0.6649375 0.8567841 0.6596070 0.6271974 0.7566667 0.9371147
 [57] 0.6259337 0.8403783 0.8720597 0.7476699 0.8172726 0.9406961 0.7705767
 [64] 0.7971990 0.7306767 0.8983181 0.8511803 0.8525054 0.8005756 0.8386835
 [71] 0.6935838 0.8889394 0.9348901 0.9039316 0.5486359 0.8619007 0.7652223
 [78] 0.7438962 0.8495623 0.8224672 0.7877591 0.7158898 0.7043847 0.8049673
 [85] 0.8417222 0.6776696 0.8223121 0.9064461 0.8991810 0.8248724 0.9343930
 [92] 0.7470308 0.8438512 0.9030937 0.9423893 0.8472423 0.9479517 0.9196186
 [99] 0.6961317 0.7685758 0.8517175 0.9215392 0.8770923 0.7522617 0.5070613
[106] 0.8862251 0.8189076 0.9423147 0.8561434 0.7597068 0.7150706 0.8700315
[113] 0.6716949 0.7078016 0.7478908 0.8793028 0.9560658 0.9637238 0.7805049
[120] 0.7949707 0.9445269 0.6151530 0.9134428 0.9368323 0.9244212 0.8665656
[127] 0.7478634 0.7769430 0.8958739 0.8780773 0.7749853 0.8512322 0.8543575
[134] 0.8608015 0.7141589 0.9344889 0.8960163 0.6725094 0.9114131 0.8132252
[141] 0.8607262

$TjurR2
  [1]  0.108307031  0.015275214  0.083528592  0.452042871  0.011863839
  [6]  0.005296739  0.204739211  0.178721968  0.039316502  0.402706523
 [11]  0.476274955  0.250544065  0.092453768  0.004210943  0.028367606
 [16]  0.286674645  0.083533176  0.075453126  0.017989651  0.297269577
 [21]  0.142915040  0.055000162  0.311766033  0.322836758  0.218961231
 [26]  0.356437820  0.205938557  0.300347655  0.183019262  0.016928910
 [31]  0.190667303  0.546248361  0.044210225  0.207432276  0.494700140
 [36]  0.087928276  0.113406452  0.141825972  0.386884044  0.228065767
 [41]  0.533972767  0.083580110  0.068281243  0.565341729  0.174208111
 [46]  0.043490675 -0.003578571  0.323828841  0.632249487  0.387336613
 [51]  0.078065796  0.322827219  0.040102715  0.021137176  0.204861168
 [56]  0.337294680  0.031413649  0.229978425  0.383128855  0.069930393
 [61]  0.131602908  0.279008286  0.020202813  0.199602796  0.144278384
 [66]  0.250975821  0.239340598  0.034524420  0.293041214  0.047566183
 [71]  0.045282657  0.085931368  0.396587330  0.082539274 -0.001052127
 [76]  0.038600224  0.048541012  0.068201233  0.357239212  0.244189301
 [81]  0.291514934  0.012429686  0.094764613  0.148364003  0.333612100
 [86]  0.023123032  0.236844299  0.485602889  0.105773423  0.279632261
 [91]  0.562045232  0.204513275  0.141339518  0.308860547  0.453428380
 [96]  0.181973286  0.088571600  0.078828348  0.112766760  0.208526991
[101]  0.309380641  0.214554651  0.396125279  0.040065948 -0.003004420
[106]  0.229381039  0.017587920  0.202562340  0.370102628  0.213848250
[111]  0.138047078  0.409225748  0.025645085  0.132711601  0.097360589
[116]  0.263228839  0.342610978  0.244883402  0.082946513  0.061735053
[121]  0.521872466  0.004849934  0.514719728  0.583383670  0.505336133
[126]  0.364471567  0.149605963  0.156719904  0.085865689  0.379004266
[131]  0.179959887  0.368769351  0.214383468  0.378331460  0.120823538
[136]  0.587411169  0.450962665  0.100949210  0.241781020  0.299681115
[141]  0.293631563

[1] "END"
