[1] "butterfly"
[1] "3"
[1] "n=1200"
[1] 1200    2
[1] 1200    5
[1] 1200   50
[1] "MCMC is done"
Cross-validation, fold 1 out of 2
Cross-validation, fold 2 out of 2
[1] 1200   50  100
$RMSE
 [1] 0.6527390 0.5893204 0.6762766 0.4953167 0.7220982 0.5499820 0.3756267
 [8] 0.3088578 0.7913936 0.5858273 0.5275311 0.4672964 0.4223716 0.6409438
[15] 0.6485483 0.3705725 0.5393879 0.4141564 0.5095912 0.3220478 0.6290212
[22] 0.6700384 0.5232957 0.5922794 0.4796652 0.5408021 0.5949006 0.4974181
[29] 0.6491388 0.3500625 0.7121978 0.3541990 0.6265267 0.4998694 0.7301149
[36] 0.4962579 0.6090909 0.6862708 0.5335198 0.5715765 0.4107178 0.6265841
[43] 0.4114845 0.4137783 0.7342647 0.5517944 0.3902580 0.4414343 0.6525284
[50] 0.6235133

$AUC
 [1] 0.7721500 0.8251223 0.7482458 0.8177503 0.4236652 0.5023628 0.8916333
 [8] 0.9374869 0.5136709 0.5917126 0.5726002 0.7680578 0.9292758 0.7194030
[15] 0.7063495 0.8820631 0.7333038 0.8318024 0.6787942 0.9555081 0.7988458
[22] 0.7717124 0.5888073 0.8446485 0.8017755 0.7323606 0.8106504 0.8800410
[29] 0.8202718 0.9036767 0.4917373 0.9029148 0.7575867 0.9042442 0.6798753
[36] 0.8406877 0.8049028 0.7392557 0.8648074 0.6334080 0.9260435 0.7571517
[43] 0.8877912 0.9397458 0.6803814 0.7515367 0.9372784 0.9190359 0.7680360
[50] 0.7953344

$TjurR2
 [1]  0.3129571390  0.3673795354  0.3260659252  0.3593883760 -0.0193885554
 [6]  0.0005490889  0.4060878988  0.4587897125 -0.0171847489  0.0871045495
[11]  0.0454377990  0.2477074646  0.4667821198  0.2295691472  0.1524509554
[16]  0.4875189322  0.2940065878  0.4056636913  0.1361254216  0.5807069866
[21]  0.3409902733  0.3392484233  0.0545854043  0.3532039060  0.2882105693
[26]  0.2934015906  0.3640293181  0.4826410624  0.3436927484  0.5247739738
[31]  0.0281062304  0.5042306067  0.2808161313  0.3945721292  0.2092706464
[36]  0.3398429979  0.3181807512  0.2973592361  0.4395549456  0.1259337212
[41]  0.5187892866  0.2794792640  0.4638665905  0.4786964522  0.2433270949
[46]  0.2037649687  0.5799543787  0.4449862474  0.2798807921  0.2870080094

[1] "END"
