[1] "ebird"
[1] "1"
[1] "n=2000"
[1] 2000    2
[1] 2000    5
[1] 2000  200
[1] "MCMC is done"
Cross-validation, fold 1 out of 2
Cross-validation, fold 2 out of 2
[1] 2000  200  100
$RMSE
  [1] 0.3910687 0.3899213 0.3759421 0.3845684 0.4125542 0.3549677 0.4189043
  [8] 0.3722067 0.3781731 0.4948561 0.4106615 0.3830628 0.3709080 0.3635506
 [15] 0.3730934 0.4036018 0.3832874 0.3777482 0.3686436 0.3784149 0.3794325
 [22] 0.4915904 0.4649244 0.4480861 0.3837894 0.4462560 0.3943297 0.3848122
 [29] 0.3805535 0.4035939 0.3897809 0.3899604 0.3807540 0.3805564 0.3761349
 [36] 0.3860168 0.3800939 0.4337976 0.3629059 0.4138033 0.3752640 0.3858350
 [43] 0.3891831 0.3850233 0.3745790 0.3733788 0.3805282 0.3791750 0.3775929
 [50] 0.3824411 0.3796325 0.3809620 0.3808717 0.4004110 0.4272663 0.4158880
 [57] 0.3806786 0.3667376 0.4045682 0.3823744 0.4081825 0.3905068 0.3713358
 [64] 0.3960504 0.3889739 0.3700901 0.3979992 0.3854810 0.4040136 0.3805060
 [71] 0.3718309 0.3776721 0.3815789 0.3775975 0.3691646 0.3829111 0.4451569
 [78] 0.3942095 0.3809849 0.4296868 0.3856419 0.4122899 0.3629561 0.4036637
 [85] 0.3851926 0.4049404 0.3887418 0.3826146 0.3840072 0.3645290 0.4143967
 [92] 0.3933002 0.4508688 0.4258797 0.3851379 0.3749060 0.3929745 0.3893574
 [99] 0.3910065 0.3809261 0.3987184 0.4257734 0.3814461 0.3709299 0.4025252
[106] 0.3953326 0.4044222 0.3863324 0.3756240 0.4082508 0.3839208 0.3835005
[113] 0.4137627 0.3798464 0.3931944 0.3887634 0.4135900 0.3850777 0.3695606
[120] 0.4074688 0.3968294 0.4090237 0.3976571 0.3793777 0.3818422 0.3771551
[127] 0.4745515 0.4675400 0.3953086 0.4314175 0.3968060 0.4001379 0.3961747
[134] 0.3994735 0.3936449 0.3851586 0.4009993 0.4057679 0.4147876 0.4097274
[141] 0.4141444 0.4042655 0.4112704 0.4134662 0.4189549 0.4090710 0.3904023
[148] 0.3851262 0.4021965 0.3958297 0.4027813 0.4261409 0.3947336 0.4129478
[155] 0.3895012 0.4110936 0.3901524 0.3858901 0.4080572 0.3629876 0.3805784
[162] 0.3897528 0.3768586 0.3776726 0.3840530 0.3890957 0.3865105 0.3840598
[169] 0.4051224 0.3883515 0.3750708 0.3788438 0.3834769 0.3809437 0.3784700
[176] 0.3704488 0.4723148 0.4705541 0.3894089 0.4741030 0.4482052 0.4441856
[183] 0.4878738 0.4493092 0.4296779 0.4280663 0.4781960 0.4262021 0.4415159
[190] 0.4133757 0.4485806 0.4708637 0.4597901 0.4253653 0.4079298 0.4267251
[197] 0.4014129 0.3940181 0.3979594 0.4221503

$AUC
  [1] 0.39467887 0.59066348 0.57412060 0.51024336 0.55084906 0.54921757
  [7] 0.62386633 0.60390586 0.56401003 0.55361010 0.48648419 0.42443024
 [13] 0.73146293 0.54969585 0.57860372 0.50486868 0.39618857 0.52341425
 [19] 0.65067539 0.37260343         NA 0.52884907 0.57022079 0.47913710
 [25] 0.67985274 0.51362578 0.32491228 0.42730368 0.46452617 0.38708986
 [31] 0.11335170 0.53453910 0.09754877 0.35620421         NA 0.11836837
 [37] 0.45222287 0.46129512 0.55162199 0.60076179 0.72443896 0.51755670
 [43] 0.54359490 0.60560994 0.65263158 0.45665827 0.62007122 0.51650842
 [49] 0.70221328 0.50013550 0.64058843 0.95597799 0.44233016 0.14403706
 [55] 0.56836712 0.63541667 0.75910968 0.74061092 0.45279597 0.74287144
 [61] 0.48368651 0.80186293 0.74668483 0.60910911 0.54699556 0.85410410
 [67] 0.28965863 0.52871951 0.42405562 0.62733668 0.58883884 0.68963783
 [73] 0.22711356 0.64621060 0.81859007 0.52526263 0.35180375 0.51712794
 [79] 0.52483223 0.39403183 0.50194299 0.48584541 0.55290461 0.57738214
 [85] 0.31509893 0.41803279 0.48723736 0.49681113 0.50352979 0.48116987
 [91] 0.52009246 0.41699499 0.47168692 0.49964990 0.31831080 0.52785354
 [97] 0.48122051 0.32630169 0.50762696 0.47834171 0.44637711 0.43670757
[103] 0.70202273 0.51888608 0.45972503 0.78539270 0.38813749 0.61217304
[109] 0.55243941 0.51102941 0.49039910 0.52749916 0.39860026 0.41134306
[115] 0.45591940 0.49574362 0.28954941 0.62612613 0.65706576 0.29573935
[121] 0.43979899 0.29789368 0.30582915 0.46593186         NA 0.80085170
[127] 0.51047020 0.46870932 0.29983089 0.35404015 0.50134138 0.48272971
[133] 0.33164129 0.43032746 0.12731830 0.60819894 0.49215390 0.47943831
[139] 0.27234941 0.33162049 0.40835859 0.34173094 0.26493474 0.30798193
[145] 0.36135364 0.34777757 0.50877193 0.31515758 0.33166165 0.56753018
[151] 0.37116053 0.38338181 0.43607216 0.50601912 0.47672129 0.36707046
[157] 0.57686998 0.61020288 0.41216080 0.50125125         NA 0.39867068
[163] 0.60035211 0.36218109 0.56881160 0.33887210 0.51576577 0.37120603
[169] 0.19906245 0.32596685 0.53578579 0.44255155 0.71885943 0.55523547
[175]         NA 0.56856857 0.56182237 0.64600441 0.49810329 0.54102248
[181] 0.56181230 0.55733940 0.51126028 0.55473393 0.47599872 0.42322716
[187] 0.52658937 0.58393883 0.58556262 0.52844327 0.50619557 0.56915794
[193] 0.57454753 0.64472871 0.58454422 0.46447686 0.56925368 0.46474505
[199] 0.50487821 0.49230715

$TjurR2
  [1] -5.267618e-02  6.703176e-02  3.082937e-02  3.534984e-03  1.777845e-02
  [6]  2.364637e-02  6.906082e-02  5.800082e-02  3.588158e-02  1.640572e-02
 [11] -4.554762e-03 -3.837044e-02  1.153885e-01  7.329917e-02  3.398990e-02
 [16]  2.351344e-03 -5.086661e-02  8.348703e-03  8.668584e-02 -7.095234e-02
 [21]           NaN  1.623789e-02  2.856410e-02 -8.831652e-03  1.510582e-01
 [26]  1.775981e-02 -7.406876e-02 -3.528939e-02 -1.929320e-02 -4.321379e-02
 [31] -2.328522e-01  1.983168e-02 -2.318398e-01 -8.649079e-02           NaN
 [36] -2.038065e-01 -2.130236e-02 -2.014863e-02  5.561132e-02  6.772488e-02
 [41]  1.542182e-01  1.740787e-02  3.193314e-02  8.629280e-02  8.426325e-02
 [46] -2.853274e-02  8.238943e-02  5.211860e-03  1.228012e-01 -6.454606e-03
 [51]  9.485170e-02  2.537798e-01 -3.590133e-02 -1.951270e-01  4.200223e-02
 [56]  1.047068e-01  2.010223e-01  1.299147e-01 -3.824882e-02  1.095881e-01
 [61] -1.522989e-02  2.488547e-01  1.859613e-01  6.173156e-02  2.813790e-02
 [66]  1.964460e-01 -9.067512e-02  1.453413e-02 -3.483906e-02  5.723858e-02
 [71]  5.201922e-02  1.238952e-01 -1.533438e-01  1.117716e-01  2.415220e-01
 [76]  2.034368e-02 -4.828099e-02  1.332788e-02  1.546450e-02 -3.659386e-02
 [81] -1.624607e-03 -6.937598e-03  6.874418e-02  3.958136e-02 -9.813519e-02
 [86] -3.581574e-02 -8.898129e-03 -3.910304e-03  2.779315e-03 -1.544635e-02
 [91]  1.253014e-02 -3.673246e-02 -8.714850e-03  1.272285e-03 -1.328239e-01
 [96]  9.778989e-03 -4.728576e-03 -1.161976e-01  2.912122e-03 -6.365989e-03
[101] -2.640196e-02 -3.189653e-02  9.936470e-02  5.107816e-03 -1.553820e-02
[106]  1.167487e-01 -6.160303e-02  5.806038e-02  3.936136e-02  8.926923e-03
[111] -8.263203e-03  3.362166e-03 -4.124453e-02 -5.037516e-02 -2.800922e-02
[116] -4.462323e-03 -9.416784e-02  5.487468e-02  1.136041e-01 -9.731329e-02
[121] -4.198732e-02 -1.083638e-01 -9.374885e-02 -2.004737e-02           NaN
[126]  1.607208e-01  3.202591e-03 -1.371792e-02 -8.639679e-02 -6.868473e-02
[131]  1.569872e-05 -2.431170e-02 -7.721805e-02 -3.992586e-02 -2.244987e-01
[136]  6.435113e-02 -4.187339e-03 -8.615734e-03 -1.147981e-01 -8.123211e-02
[141] -5.066940e-02 -7.266519e-02 -8.347203e-02 -9.862333e-02 -5.696983e-02
[146] -6.467027e-02 -8.985499e-04 -7.864241e-02 -7.521286e-02  3.560419e-02
[151] -5.691345e-02 -4.719331e-02 -3.445003e-02 -3.155637e-03 -1.644283e-02
[156] -6.046395e-02  5.226311e-02  5.436126e-02 -3.666302e-02 -7.405653e-03
[161]           NaN -4.984527e-02  6.215241e-02 -6.154970e-02  6.683250e-02
[166] -8.411256e-02  1.641601e-02 -7.365852e-02 -1.592657e-01 -1.010251e-01
[171]  2.200855e-02 -3.035914e-02  1.118236e-01  2.774912e-02           NaN
[176]  3.458657e-02  3.819109e-02  1.010066e-01  4.390403e-03  2.412905e-02
[181]  2.859942e-02  3.889829e-02  8.417626e-03  3.608874e-02 -1.358360e-02
[186] -2.824832e-02  2.157539e-02  4.827685e-02  4.027072e-02  1.752053e-02
[191]  6.209814e-03  3.514891e-02  3.490100e-02  8.937308e-02  4.208367e-02
[196] -2.000548e-02  4.842676e-02 -1.742213e-02  8.825803e-04 -5.111293e-03

[1] "END"
