[1] "BBS"
[1] "1"
[1] "n=2752"
[1] 2752    2
[1] 2752    8
[1] 2752  370
[1] "MCMC is done"
Cross-validation, fold 1 out of 2
Cross-validation, fold 2 out of 2
[1] 2752  370  100
$RMSE
  [1] 0.11721371 0.26004983 0.17977209 0.19967929 0.12460114 0.10890232
  [7] 0.10752589 0.22556587 0.20164519 0.19344507 0.20709203 0.15441999
 [13] 0.19122140 0.18692308 0.32494335 0.17335286 0.14903730 0.08126668
 [19] 0.18487574 0.17970529 0.13988878 0.08885708 0.13222826 0.17652620
 [25] 0.45696625 0.11504619 0.08367291 0.14021479 0.10249248 0.09703862
 [31] 0.22969675 0.25995393 0.16367697 0.09434457 0.18681791 0.20925900
 [37] 0.34647128 0.15523753 0.11194896 0.29748242 0.11337055 0.22776878
 [43] 0.09588845 0.22444361 0.16702510 0.15988156 0.14361590 0.09818618
 [49] 0.36234496 0.31042153 0.15794354 0.14165372 0.11381998 0.21316938
 [55] 0.23396421 0.28657917 0.18472464 0.45454827 0.11690045 0.08786362
 [61] 0.29549148 0.10983552 0.13034607 0.14853694 0.12123131 0.09406355
 [67] 0.22293755 0.07732698 0.08108431 0.12623654 0.33562212 0.41866735
 [73] 0.11567606 0.45486906 0.26140689 0.15953950 0.14533162 0.12752900
 [79] 0.41284877 0.25956114 0.09708834 0.19546225 0.28437908 0.16340627
 [85] 0.27221261 0.10202351 0.06736641 0.30213366 0.26235377 0.24716549
 [91] 0.16262591 0.16977066 0.25092456 0.12664543 0.17592493 0.42687151
 [97] 0.09762148 0.27654391 0.12438491 0.25810586 0.08695263 0.28799894
[103] 0.16018550 0.15600826 0.29332082 0.25879646 0.33988469 0.43126759
[109] 0.40381492 0.15896766 0.07818678 0.09421423 0.11154375 0.11518270
[115] 0.27512414 0.17141264 0.14874661 0.11758742 0.41868144 0.33392156
[121] 0.10999651 0.24299160 0.09542905 0.08737737 0.23051173 0.14999622
[127] 0.10316272 0.35587990 0.11290691 0.34047920 0.10462819 0.14651356
[133] 0.37492052 0.16860530 0.10297296 0.14039336 0.15593415 0.10474961
[139] 0.20458552 0.42695489 0.05618624 0.27644224 0.13770516 0.04949311
[145] 0.34790833 0.08533848 0.19510169 0.38125201 0.24844589 0.10830345
[151] 0.25505589 0.34733926 0.26747604 0.17208209 0.14566455 0.14748417
[157] 0.29064388 0.37088116 0.26540628 0.31075736 0.20573105 0.20854346
[163] 0.15337786 0.09751074 0.40431494 0.27767761 0.23910736 0.17990992
[169] 0.18945256 0.05662538 0.23098997 0.35615238 0.12442183 0.35237724
[175] 0.08530704 0.25148890 0.16065674 0.13491102 0.42906956 0.34178484
[181] 0.39225939 0.09262630 0.25556681 0.38752828 0.38053943 0.30383660
[187] 0.13905259 0.10489675 0.35106733 0.37955755 0.25927927 0.11488867
[193] 0.30814504 0.32608733 0.19578317 0.11709652 0.21336051 0.14415831
[199] 0.32224442 0.17624395 0.45900869 0.20623730 0.15917365 0.13088841
[205] 0.39568190 0.19507257 0.26277096 0.11779857 0.37912638 0.38664749
[211] 0.10179140 0.36577183 0.10475893 0.16191568 0.11609433 0.31026979
[217] 0.20923126 0.20663119 0.09693516 0.40777364 0.23494312 0.19019705
[223] 0.37092863 0.07489124 0.16660849 0.14737802 0.10570579 0.18836169
[229] 0.11545929 0.40962710 0.24035298 0.28798324 0.22164178 0.05700721
[235] 0.31420181 0.24277699 0.17724670 0.13282671 0.07955549 0.20975790
[241] 0.12593604 0.32550480 0.23342195 0.32230534 0.27497261 0.21723840
[247] 0.21358882 0.28555515 0.16480869 0.23280824 0.33531245 0.08663526
[253] 0.25220227 0.34631521 0.45208297 0.12011975 0.40070277 0.43693655
[259] 0.25602119 0.28933398 0.42771684 0.38715636 0.11691838 0.32656286
[265] 0.34859528 0.15766424 0.45671260 0.36022564 0.26192569 0.17214130
[271] 0.15642935 0.23491657 0.09956841 0.21390115 0.09222293 0.34169053
[277] 0.21715976 0.11687847 0.19204256 0.20771276 0.12291042 0.09803646
[283] 0.11952368 0.30308227 0.24500131 0.18300754 0.35990718 0.15405192
[289] 0.40977611 0.20201894 0.21298517 0.13805119 0.25975025 0.13908255
[295] 0.15441102 0.24191027 0.22609061 0.09068245 0.16982063 0.25525511
[301] 0.17287749 0.10039713 0.35197855 0.14172395 0.27913395 0.33243242
[307] 0.25819416 0.23915001 0.25428347 0.09819046 0.23747682 0.21249164
[313] 0.37674368 0.32365006 0.26906513 0.25129929 0.20402142 0.32290041
[319] 0.44668672 0.07731717 0.11246681 0.09637576 0.16799556 0.26714692
[325] 0.40446974 0.37868498 0.06195475 0.12897116 0.13295414 0.21595879
[331] 0.11922238 0.20500756 0.22109683 0.46229608 0.14618874 0.21143616
[337] 0.18256857 0.22077190 0.26012815 0.44807655 0.33519717 0.20034909
[343] 0.13196012 0.23016588 0.10001819 0.08864058 0.11570035 0.37627459
[349] 0.21596348 0.20253108 0.17385592 0.11816226 0.09188564 0.15175534
[355] 0.12109561 0.26890282 0.25676317 0.34792266 0.10460750 0.19263315
[361] 0.33537658 0.29220277 0.12733677 0.26476471 0.33033348 0.27448016
[367] 0.16830085 0.33211087 0.17661383 0.22071813

$AUC
  [1] 0.9607670 0.5626660 0.8617664 0.7764654 0.7205783 0.9295737 0.9726792
  [8] 0.9168315 0.9037292 0.8833840 0.9376148 0.8506485 0.9441410 0.9404996
 [15] 0.6743100 0.9372683 0.9447690 0.9894234 0.9300828 0.8701696 0.9065149
 [22] 0.9375228 0.9520088 0.9163444 0.6634878 0.9633212 0.7013115 0.9785068
 [29] 0.6829182 0.9829892 0.8649933 0.8921475 0.8745796 0.9850150 0.9497621
 [36] 0.9510671 0.7969472 0.6556117 0.9173604 0.7309377 0.7093328 0.9086135
 [43] 0.8949574 0.8837158 0.9446072 0.8972108 0.7780869 0.7837209 0.8381165
 [50] 0.9166613 0.9746240 0.9228997 0.9674502 0.7918299 0.9035290 0.7982849
 [57] 0.8791954 0.7225005 0.8873617 0.9530486 0.9393896 0.9882498 0.9801334
 [64] 0.9827109 0.9632289 0.9626990 0.8659769 0.9876264 0.9652269 0.9457572
 [71] 0.8193606 0.6750620 0.9829095 0.7037306 0.9333693 0.9700183 0.9758482
 [78] 0.9577947 0.8266956 0.9403648 0.9741416 0.9233547 0.8324582 0.6428204
 [85] 0.6255510 0.8494869 0.9771039 0.9011167 0.9070398 0.7592978 0.8895022
 [92] 0.9019215 0.7035735 0.8599455 0.8595426 0.6618675 0.9859834 0.6603507
 [99] 0.8993884 0.7705842 0.7892626 0.7023430 0.9138638 0.9562467 0.9452951
[106] 0.8571234 0.7073173 0.7014612 0.8289138 0.9786120 0.9952387 0.9769179
[113] 0.8371207 0.8594048 0.9426798 0.9319164 0.9669842 0.9626724 0.8003991
[120] 0.8673201 0.9754373 0.9761400 0.9873187 0.9587299 0.9244925 0.7934915
[127] 0.8591690 0.8007717 0.9850037 0.9110413 0.9529907 0.8721543 0.8160753
[134] 0.8814388 0.9502049 0.9744522 0.9611897 0.9229529 0.9609538 0.7902585
[141] 0.9982247 0.9472537 0.9771066 0.9991130 0.8979620 0.9723977 0.9758506
[148] 0.8642644 0.9263498 0.9777365 0.9039070 0.8976980 0.9428940 0.9614787
[155] 0.9304571 0.9822743 0.9239046 0.7384991 0.9565145 0.9219981 0.9426736
[162] 0.9468417 0.9421875 0.9538294 0.8245597 0.9277922 0.9622824 0.9778418
[169] 0.9591760 0.9989949 0.9199060 0.9014024 0.9771962 0.8509694 0.9907444
[176] 0.9354800 0.9555681 0.9664946 0.6829154 0.8753518 0.7197902 0.9577323
[183] 0.8948214 0.6743576 0.8614851 0.9318663 0.9550668 0.9691176 0.8869382
[190] 0.8546509 0.9257629 0.9236701 0.9196905 0.9041675 0.9293882 0.9748744
[197] 0.8433119 0.9312366 0.8552599 0.9482075 0.7195897 0.8947470 0.9481733
[204] 0.9741097 0.8402495 0.9384362 0.9139014 0.9842073 0.8199757 0.8576001
[211] 0.9758325 0.7988200 0.8107274 0.9560914 0.9310204 0.9139139 0.9503431
[218] 0.9781564 0.9849879 0.7950251 0.9520896 0.9700609 0.8682242 0.8836195
[225] 0.9732416 0.9612869 0.9687223 0.9649951 0.8910563 0.8208546 0.9461256
[232] 0.9267863 0.9269367 0.9974927 0.9348387 0.9497360 0.9654622 0.9647229
[239] 0.9956435 0.9872242 0.9822367 0.9119085 0.9549798 0.9181512 0.9552073
[246] 0.9462158 0.9495207 0.9323663 0.9677824 0.9581933 0.8943435 0.9488511
[253] 0.9585243 0.8768466 0.6918991 0.9462508 0.7369832 0.7773027 0.9320894
[260] 0.7080434 0.6412415 0.8577080 0.9623422 0.8192080 0.8846611 0.9532423
[267] 0.7044243 0.8357126 0.9238931 0.9706167 0.9363798 0.9721458 0.9836464
[274] 0.9006499 0.9308254 0.8610719 0.9307402 0.8730708 0.8971061 0.8304208
[281] 0.8920166 0.9517749 0.9274238 0.8852779 0.9318919 0.9653831 0.8585298
[288] 0.9538661 0.8228218 0.9559130 0.9701731 0.9106798 0.9551922 0.9649530
[295] 0.9653909 0.9410658 0.9227538 0.9569671 0.9440571 0.9444311 0.9472359
[302] 0.9911428 0.8592751 0.9295032 0.9077990 0.9135469 0.9313656 0.8698805
[309] 0.9218774 0.9445870 0.9500897 0.9542887 0.8459528 0.8980786 0.9328600
[316] 0.9258038 0.9106342 0.9123367 0.7439148 0.7148438 0.9744777 0.8905157
[323] 0.9690980 0.9625912 0.8340203 0.8724780 0.9958154 0.9828684 0.9865674
[330] 0.9377671 0.8578827 0.9867244 0.9250604 0.7105883 0.9800683 0.9660533
[337] 0.9593739 0.7637268 0.8348760 0.7305545 0.8969542 0.9600566 0.9333016
[344] 0.9799219 0.9681476 0.9915790 0.9655986 0.8743460 0.9800316 0.9607013
[351] 0.9547624 0.9903155 0.9927635 0.9522901 0.9809567 0.9008499 0.9405819
[358] 0.8881244 0.9700147 0.9275452 0.9133560 0.9223991 0.9705218 0.9447201
[365] 0.9029199 0.9177332 0.9692922 0.9191110 0.9474224 0.9533907

$TjurR2
  [1] 0.238545483 0.011491698 0.123473392 0.062333225 0.009639368 0.162079940
  [7] 0.206173153 0.275164147 0.225512859 0.195733840 0.398560457 0.098416917
 [13] 0.392557543 0.351887138 0.047754288 0.207489018 0.181264802 0.436294628
 [19] 0.197925974 0.131390687 0.078656502 0.109781856 0.169766591 0.181918673
 [25] 0.081319495 0.259452605 0.008828725 0.502356856 0.029588701 0.324735084
 [31] 0.170383898 0.295650825 0.169868543 0.366837238 0.343718624 0.480504701
 [37] 0.180741767 0.027817161 0.152891771 0.067904007 0.028465432 0.306159463
 [43] 0.148103729 0.199040263 0.253907909 0.139013466 0.081386987 0.006183341
 [49] 0.290090467 0.430224258 0.394412510 0.221537241 0.283145893 0.106221290
 [55] 0.265117043 0.139845871 0.119905275 0.153632728 0.088517202 0.117647868
 [61] 0.523109904 0.487119793 0.318243424 0.532148490 0.368424629 0.364569476
 [67] 0.127659469 0.435622562 0.109173631 0.124373526 0.235268056 0.068940613
 [73] 0.531945875 0.121650716 0.429071562 0.477596832 0.473799777 0.301563420
 [79] 0.303495287 0.412876225 0.257750117 0.194332000 0.179819875 0.010780220
 [85] 0.019116515 0.041755381 0.345730218 0.356752651 0.322536589 0.051693759
 [91] 0.102899297 0.160021277 0.080321543 0.073293675 0.112261333 0.078911438
 [97] 0.388080515 0.044807219 0.109493305 0.083305279 0.009759452 0.053718276
[103] 0.174279495 0.385167514 0.592766313 0.153933412 0.065971726 0.094368647
[109] 0.335969847 0.325521207 0.597321762 0.241959851 0.039071718 0.066780436
[115] 0.438952195 0.255674917 0.395743696 0.241994457 0.244159608 0.261590169
[121] 0.433346756 0.737479687 0.361247106 0.241163305 0.276225034 0.052907477
[127] 0.038675379 0.184660200 0.507505481 0.505628339 0.147914752 0.089223183
[133] 0.223832278 0.112517986 0.423704909 0.435124616 0.389625592 0.064413346
[139] 0.387254594 0.275558652 0.419522103 0.554537507 0.284577044 0.414986292
[145] 0.506271562 0.350189613 0.529129486 0.403683262 0.384127699 0.484927592
[151] 0.288842978 0.521718177 0.480827888 0.386823073 0.263872962 0.498079058
[157] 0.420239621 0.110492432 0.566342345 0.421609496 0.361616653 0.372327859
[163] 0.194252955 0.085861852 0.273759493 0.380120943 0.727840293 0.602259178
[169] 0.383914965 0.331292669 0.337246869 0.470039576 0.288766078 0.317260051
[175] 0.364973719 0.438689525 0.305391643 0.255690297 0.101197148 0.361122210
[181] 0.147138366 0.360681545 0.272759068 0.079353361 0.404719625 0.545548371
[187] 0.175652032 0.177200157 0.394290131 0.324742272 0.339017703 0.182543634
[193] 0.449901802 0.540472963 0.356962694 0.388766802 0.129553526 0.293640610
[199] 0.178392513 0.295141370 0.130532490 0.167407586 0.310309505 0.392467267
[205] 0.345871715 0.312529606 0.357276368 0.282367294 0.247846897 0.365357460
[211] 0.178507144 0.182525160 0.032442738 0.289745744 0.107448678 0.387465142
[217] 0.510856718 0.666866941 0.456598019 0.251411662 0.495719374 0.484725914
[223] 0.385465988 0.020317012 0.407916045 0.125611613 0.219759417 0.393378610
[229] 0.038227063 0.283833517 0.501104680 0.414217788 0.358710738 0.426367630
[235] 0.531987396 0.483268362 0.488719799 0.135255149 0.567523600 0.816347763
[241] 0.291983198 0.449409125 0.515564448 0.477386259 0.669451275 0.365270523
[247] 0.352092910 0.464210065 0.349260929 0.586572927 0.371624517 0.067213142
[253] 0.591015934 0.387685710 0.105171990 0.191686400 0.151443722 0.242555052
[259] 0.369788011 0.062854734 0.052772894 0.366618611 0.225469626 0.186671305
[265] 0.522499943 0.239127627 0.145152484 0.238007145 0.422226168 0.401714702
[271] 0.242053704 0.692429027 0.502404656 0.216275200 0.060011762 0.323013310
[277] 0.316523453 0.037585815 0.139885882 0.082104607 0.058063776 0.149620604
[283] 0.178133132 0.237397495 0.392066649 0.417844289 0.318897110 0.268730591
[289] 0.330584918 0.427898220 0.564195473 0.106381918 0.521605620 0.363825008
[295] 0.422212895 0.382800515 0.295685985 0.101165833 0.408761114 0.458923282
[301] 0.349846699 0.474115539 0.310550466 0.170552240 0.366690463 0.500683216
[307] 0.425020078 0.163995824 0.335347844 0.104927711 0.406442715 0.440885988
[313] 0.395105560 0.472789648 0.394268374 0.420958871 0.202098432 0.452201461
[319] 0.172536780 0.022467675 0.265460750 0.039822559 0.374672294 0.691528853
[325] 0.335951835 0.424646665 0.137169320 0.366665029 0.444739849 0.331627377
[331] 0.037782708 0.780728153 0.310081478 0.149266779 0.526536666 0.498896768
[337] 0.447457282 0.097159828 0.198222875 0.122153672 0.330305754 0.361402232
[343] 0.113517310 0.746238542 0.202006700 0.550706473 0.160415338 0.372727668
[349] 0.722451850 0.472557997 0.362401513 0.573347566 0.529279157 0.312279113
[355] 0.363610215 0.289829230 0.493685405 0.415705048 0.246514482 0.295993236
[361] 0.487706900 0.465455372 0.411448867 0.501890606 0.401336924 0.435588681
[367] 0.509741267 0.550380540 0.271622948 0.476333861

[1] "END"
